* Starting client
* Connecting to master process on port 10757
* Analyzing classpath: 
  - C:\Users\jeswi\OneDrive\Desktop\Unibexidade\3ano2sem\ATS-Project\TP1\target\classes
  - C:\Users\jeswi\.m2\repository\org\junit\jupiter\junit-jupiter-api\5.10.2\junit-jupiter-api-5.10.2.jar
  - C:\Users\jeswi\.m2\repository\org\opentest4j\opentest4j\1.3.0\opentest4j-1.3.0.jar
  - C:\Users\jeswi\.m2\repository\org\junit\platform\junit-platform-commons\1.10.2\junit-platform-commons-1.10.2.jar
  - C:\Users\jeswi\.m2\repository\org\apiguardian\apiguardian-api\1.1.2\apiguardian-api-1.1.2.jar
  - C:\Users\jeswi\.m2\repository\junit\junit\4.13.2\junit-4.13.2.jar
  - C:\Users\jeswi\.m2\repository\org\hamcrest\hamcrest-core\1.3\hamcrest-core-1.3.jar
* Finished analyzing classpath
* Generating tests for class Controller.ControladorEncomenda
* Test criteria:
  - Line Coverage
  - Branch Coverage
  - Exception
  - Mutation testing (weak)
  - Method-Output Coverage
  - Top-Level Method Coverage
  - No-Exception Top-Level Method Coverage
  - Context Branch Coverage
* Setting up search algorithm for whole suite generation
[MASTER] 19:48:19.480 [pool-2-thread-1] WARN  TestSuiteSerialization - Cannot load tests because file does not exist: C:\Users\jeswi\OneDrive\Desktop\Unibexidade\3ano2sem\ATS-Project\TP1\.evosuite\evosuite-seeds\Controller.ControladorEncomenda.seed
* Loaded 0 tests from C:\Users\jeswi\OneDrive\Desktop\Unibexidade\3ano2sem\ATS-Project\TP1\.evosuite\evosuite-seeds\Controller.ControladorEncomenda.seed
* Total number of test goals: 
  - Line 87
  - Branch 56
  - Exception 0
  - MutationFactory 188
  - Output 12
  - Method 6
  - MethodNoException 6
  - CBranchFitnessFactory 56
* Using seed 1714675695993
* Starting evolution
* Search finished after 91s and 503 generations, 114200 statements, best individual has fitness: 288.4407894736842
* Writing sequences to pool
* Minimizing test suite
* Going to analyze the coverage criteria
* Coverage analysis for criterion LINE
* Coverage of criterion LINE: 36%
* Total number of goals: 87
* Number of covered goals: 31
* Coverage analysis for criterion BRANCH
* Coverage of criterion BRANCH: 38%
* Total number of goals: 56
* Number of covered goals: 21
* Coverage analysis for criterion EXCEPTION
* Coverage of criterion EXCEPTION: 100%
* Total number of goals: 7
* Number of covered goals: 7
* Coverage analysis for criterion WEAKMUTATION
* Coverage of criterion WEAKMUTATION: 30%
* Total number of goals: 188
* Number of covered goals: 57
* Coverage analysis for criterion OUTPUT
* Coverage of criterion OUTPUT: 17%
* Total number of goals: 12
* Number of covered goals: 2
* Coverage analysis for criterion METHOD
* Coverage of criterion METHOD: 100%
* Total number of goals: 6
* Number of covered goals: 6
* Coverage analysis for criterion METHODNOEXCEPTION
* Coverage of criterion METHODNOEXCEPTION: 83%
* Total number of goals: 6
* Number of covered goals: 5
* Coverage analysis for criterion CBRANCH
* Coverage of criterion CBRANCH: 38%
* Total number of goals: 56
* Number of covered goals: 21
* Generated 13 tests with total length 59
* Resulting test suite's coverage: 55% (average coverage for all fitness functions)
* Generating assertions
* Resulting test suite's mutation score: 7%
* Compiling and checking tests
* Writing JUnit test case 'ControladorEncomenda_ESTest' to C:\Users\jeswi\OneDrive\Desktop\Unibexidade\3ano2sem\ATS-Project\TP1\.evosuite\tmp_2024_05_02_19_44_49\tests
* Done!

