[MASTER] 11:25:14.411 [pool-2-thread-1] ERROR JUnitAnalyzer - Compilation failed on compilation units: [RegularFileObject[C:\Users\jeswi\AppData\Local\Temp\EvoSuite_51_1714645514265\Gestor_Artigos_51_tmp__ESTest.java], RegularFileObject[C:\Users\jeswi\AppData\Local\Temp\EvoSuite_51_1714645514265\Gestor_Artigos_51_tmp__ESTest_scaffolding.java]]
[MASTER] 11:25:14.412 [pool-2-thread-1] ERROR JUnitAnalyzer - Classpath: C:\Users\jeswi\OneDrive\Desktop\Unibexidade\3ano2sem\ATS-Project\TP2\target\test-classes;C:\Users\jeswi\OneDrive\Desktop\Unibexidade\3ano2sem\ATS-Project\TP2\target\classes;C:\Users\jeswi\.m2\repository\org\junit\jupiter\junit-jupiter-api\5.10.2\junit-jupiter-api-5.10.2.jar;C:\Users\jeswi\.m2\repository\org\opentest4j\opentest4j\1.3.0\opentest4j-1.3.0.jar;C:\Users\jeswi\.m2\repository\org\junit\platform\junit-platform-commons\1.10.2\junit-platform-commons-1.10.2.jar;C:\Users\jeswi\.m2\repository\org\apiguardian\apiguardian-api\1.1.2\apiguardian-api-1.1.2.jar;C:\Users\jeswi\.m2\repository\junit\junit\4.13.2\junit-4.13.2.jar;C:\Users\jeswi\.m2\repository\org\hamcrest\hamcrest-core\1.3\hamcrest-core-1.3.jar;C:\Users\jeswi\.m2\repository\org\evosuite\evosuite-standalone-runtime\1.0.6\evosuite-standalone-runtime-1.0.6.jar;C:\Users\jeswi\OneDrive\Desktop\Unibexidade\3ano2sem\ATS-Project\TP2\target\test-classes;C:\Users\jeswi\OneDrive\Desktop\Unibexidade\3ano2sem\ATS-Project\TP2\target\classes;C:\Users\jeswi\.m2\repository\org\junit\jupiter\junit-jupiter-api\5.10.2\junit-jupiter-api-5.10.2.jar;C:\Users\jeswi\.m2\repository\org\opentest4j\opentest4j\1.3.0\opentest4j-1.3.0.jar;C:\Users\jeswi\.m2\repository\org\junit\platform\junit-platform-commons\1.10.2\junit-platform-commons-1.10.2.jar;C:\Users\jeswi\.m2\repository\org\apiguardian\apiguardian-api\1.1.2\apiguardian-api-1.1.2.jar;C:\Users\jeswi\.m2\repository\junit\junit\4.13.2\junit-4.13.2.jar;C:\Users\jeswi\.m2\repository\org\hamcrest\hamcrest-core\1.3\hamcrest-core-1.3.jar;C:\Users\jeswi\.m2\repository\org\evosuite\evosuite-standalone-runtime\1.0.6\evosuite-standalone-runtime-1.0.6.jar;C:\Users\jeswi\.m2\repository\org\evosuite\evosuite-master\1.0.6\evosuite-master-1.0.6.jar;C:\Users\jeswi\.m2\repository\org\evosuite\evosuite-client\1.0.6\evosuite-client-1.0.6-tests.jar;C:\Users\jeswi\.m2\repository\org\evosuite\evosuite-runtime\1.0.6\evosuite-runtime-1.0.6.jar;C:\Users\jeswi\.m2\repository\javax\ejb\javax.ejb-api\3.2\javax.ejb-api-3.2.jar;C:\Users\jeswi\.m2\repository\javax\transaction\javax.transaction-api\1.2\javax.transaction-api-1.2.jar;C:\Users\jeswi\.m2\repository\javax\faces\javax.faces-api\2.2\javax.faces-api-2.2.jar;C:\Users\jeswi\.m2\repository\javax\ws\rs\jsr311-api\1.1.1\jsr311-api-1.1.1.jar;C:\Users\jeswi\.m2\repository\org\hsqldb\hsqldb\2.4.0\hsqldb-2.4.0.jar;C:\Users\jeswi\.m2\repository\org\springframework\spring-orm\4.3.14.RELEASE\spring-orm-4.3.14.RELEASE.jar;C:\Users\jeswi\.m2\repository\org\springframework\spring-beans\4.3.14.RELEASE\spring-beans-4.3.14.RELEASE.jar;C:\Users\jeswi\.m2\repository\org\springframework\spring-core\4.3.14.RELEASE\spring-core-4.3.14.RELEASE.jar;C:\Users\jeswi\.m2\repository\org\springframework\spring-jdbc\4.3.14.RELEASE\spring-jdbc-4.3.14.RELEASE.jar;C:\Users\jeswi\.m2\repository\org\springframework\spring-tx\4.3.14.RELEASE\spring-tx-4.3.14.RELEASE.jar;C:\Users\jeswi\.m2\repository\org\springframework\spring-context\4.3.14.RELEASE\spring-context-4.3.14.RELEASE.jar;C:\Users\jeswi\.m2\repository\org\springframework\spring-aop\4.3.14.RELEASE\spring-aop-4.3.14.RELEASE.jar;C:\Users\jeswi\.m2\repository\org\springframework\spring-expression\4.3.14.RELEASE\spring-expression-4.3.14.RELEASE.jar;C:\Users\jeswi\.m2\repository\junit\junit\4.12\junit-4.12.jar;C:\Users\jeswi\.m2\repository\org\hamcrest\hamcrest-core\1.3\hamcrest-core-1.3.jar;C:\Users\jeswi\.m2\repository\org\mockito\mockito-core\2.16.0\mockito-core-2.16.0.jar;C:\Users\jeswi\.m2\repository\net\bytebuddy\byte-buddy\1.7.9\byte-buddy-1.7.9.jar;C:\Users\jeswi\.m2\repository\net\bytebuddy\byte-buddy-agent\1.7.9\byte-buddy-agent-1.7.9.jar;C:\Users\jeswi\.m2\repository\org\objenesis\objenesis\2.6\objenesis-2.6.jar;C:\Users\jeswi\.m2\repository\org\slf4j\slf4j-api\1.7.22\slf4j-api-1.7.22.jar;C:\Users\jeswi\.m2\repository\org\ow2\asm\asm\6.0\asm-6.0.jar;C:\Users\jeswi\.m2\repository\org\ow2\asm\asm-commons\6.0\asm-commons-6.0.jar;C:\Users\jeswi\.m2\repository\org\ow2\asm\asm-tree\6.0\asm-tree-6.0.jar;C:\Users\jeswi\.m2\repository\org\ow2\asm\asm-analysis\6.0\asm-analysis-6.0.jar;C:\Users\jeswi\.m2\repository\org\ow2\asm\asm-util\6.0\asm-util-6.0.jar;C:\Users\jeswi\.m2\repository\javax\xml\bind\jaxb-api\2.3.0\jaxb-api-2.3.0.jar;C:\Users\jeswi\.m2\repository\com\opencsv\opencsv\4.1\opencsv-4.1.jar;C:\Users\jeswi\.m2\repository\org\apache\commons\commons-text\1.1\commons-text-1.1.jar;C:\Users\jeswi\.m2\repository\commons-beanutils\commons-beanutils\1.9.3\commons-beanutils-1.9.3.jar;C:\Users\jeswi\.m2\repository\commons-logging\commons-logging\1.2\commons-logging-1.2.jar;C:\Users\jeswi\.m2\repository\commons-collections\commons-collections\3.2.2\commons-collections-3.2.2.jar;C:\Users\jeswi\.m2\repository\dk\brics\automaton\automaton\1.11-8\automaton-1.11-8.jar;C:\Users\jeswi\.m2\repository\ch\qos\logback\logback-classic\1.1.3\logback-classic-1.1.3.jar;C:\Users\jeswi\.m2\repository\ch\qos\logback\logback-core\1.1.3\logback-core-1.1.3.jar;C:\Users\jeswi\.m2\repository\com\googlecode\gentyref\gentyref\1.2.0\gentyref-1.2.0.jar;C:\Users\jeswi\.m2\repository\net\sf\jgrapht\jgrapht\0.8.3\jgrapht-0.8.3.jar;C:\Users\jeswi\.m2\repository\com\thoughtworks\xstream\xstream\1.4.10\xstream-1.4.10.jar;C:\Users\jeswi\.m2\repository\xmlpull\xmlpull\1.1.3.1\xmlpull-1.1.3.1.jar;C:\Users\jeswi\.m2\repository\xpp3\xpp3_min\1.1.4c\xpp3_min-1.1.4c.jar;C:\Users\jeswi\.m2\repository\org\apache\commons\commons-lang3\3.7\commons-lang3-3.7.jar;C:\Users\jeswi\.m2\repository\commons-io\commons-io\2.6\commons-io-2.6.jar;C:\Users\jeswi\.m2\repository\commons-cli\commons-cli\1.4\commons-cli-1.4.jar;C:\Users\jeswi\.m2\repository\org\kohsuke\graphviz-api\1.1\graphviz-api-1.1.jar;C:\Users\jeswi\.m2\repository\oro\oro\2.0.8\oro-2.0.8.jar;C:\Users\jeswi\.m2\repository\org\apache\commons\commons-exec\1.3\commons-exec-1.3.jar;C:\Users\jeswi\.m2\repository\org\jboss\spec\javax\servlet\jboss-servlet-api_3.1_spec\1.0.2.Final\jboss-servlet-api_3.1_spec-1.0.2.Final.jar;C:\Users\jeswi\.m2\repository\javax\inject\javax.inject\1\javax.inject-1.jar;C:\Users\jeswi\.m2\repository\javax\enterprise\cdi-api\1.2\cdi-api-1.2.jar;C:\Users\jeswi\.m2\repository\javax\el\javax.el-api\3.0.0\javax.el-api-3.0.0.jar;C:\Users\jeswi\.m2\repository\javax\interceptor\javax.interceptor-api\1.2\javax.interceptor-api-1.2.jar;C:\Users\jeswi\.m2\repository\org\hibernate\hibernate-core\5.2.13.Final\hibernate-core-5.2.13.Final.jar;C:\Users\jeswi\.m2\repository\org\jboss\logging\jboss-logging\3.3.1.Final\jboss-logging-3.3.1.Final.jar;C:\Users\jeswi\.m2\repository\org\hibernate\javax\persistence\hibernate-jpa-2.1-api\1.0.0.Final\hibernate-jpa-2.1-api-1.0.0.Final.jar;C:\Users\jeswi\.m2\repository\org\javassist\javassist\3.22.0-GA\javassist-3.22.0-GA.jar;C:\Users\jeswi\.m2\repository\antlr\antlr\2.7.7\antlr-2.7.7.jar;C:\Users\jeswi\.m2\repository\org\jboss\spec\javax\transaction\jboss-transaction-api_1.2_spec\1.0.1.Final\jboss-transaction-api_1.2_spec-1.0.1.Final.jar;C:\Users\jeswi\.m2\repository\org\jboss\jandex\2.0.3.Final\jandex-2.0.3.Final.jar;C:\Users\jeswi\.m2\repository\com\fasterxml\classmate\1.3.0\classmate-1.3.0.jar;C:\Users\jeswi\.m2\repository\dom4j\dom4j\1.6.1\dom4j-1.6.1.jar;C:\Users\jeswi\.m2\repository\org\hibernate\common\hibernate-commons-annotations\5.0.1.Final\hibernate-commons-annotations-5.0.1.Final.jar;C:\Users\jeswi\.m2\repository\com\google\code\findbugs\jsr305\2.0.1\jsr305-2.0.1.jar;C:\Users\jeswi\OneDrive\Desktop\Unibexidade\3ano2sem\ATS-Project\TP2\target\test-classes;C:\Users\jeswi\OneDrive\Desktop\Unibexidade\3ano2sem\ATS-Project\TP2\target\classes;C:\Users\jeswi\.m2\repository\org\junit\jupiter\junit-jupiter-api\5.10.2\junit-jupiter-api-5.10.2.jar;C:\Users\jeswi\.m2\repository\org\opentest4j\opentest4j\1.3.0\opentest4j-1.3.0.jar;C:\Users\jeswi\.m2\repository\org\junit\platform\junit-platform-commons\1.10.2\junit-platform-commons-1.10.2.jar;C:\Users\jeswi\.m2\repository\org\apiguardian\apiguardian-api\1.1.2\apiguardian-api-1.1.2.jar;C:\Users\jeswi\.m2\repository\junit\junit\4.13.2\junit-4.13.2.jar;C:\Users\jeswi\.m2\repository\org\hamcrest\hamcrest-core\1.3\hamcrest-core-1.3.jar;C:\Users\jeswi\.m2\repository\org\evosuite\evosuite-standalone-runtime\1.0.6\evosuite-standalone-runtime-1.0.6.jar
[MASTER] 11:25:14.412 [pool-2-thread-1] ERROR JUnitAnalyzer - evosuiteCP: C:\Users\jeswi\OneDrive\Desktop\Unibexidade\3ano2sem\ATS-Project\TP2\target\test-classes;C:\Users\jeswi\OneDrive\Desktop\Unibexidade\3ano2sem\ATS-Project\TP2\target\classes;C:\Users\jeswi\.m2\repository\org\junit\jupiter\junit-jupiter-api\5.10.2\junit-jupiter-api-5.10.2.jar;C:\Users\jeswi\.m2\repository\org\opentest4j\opentest4j\1.3.0\opentest4j-1.3.0.jar;C:\Users\jeswi\.m2\repository\org\junit\platform\junit-platform-commons\1.10.2\junit-platform-commons-1.10.2.jar;C:\Users\jeswi\.m2\repository\org\apiguardian\apiguardian-api\1.1.2\apiguardian-api-1.1.2.jar;C:\Users\jeswi\.m2\repository\junit\junit\4.13.2\junit-4.13.2.jar;C:\Users\jeswi\.m2\repository\org\hamcrest\hamcrest-core\1.3\hamcrest-core-1.3.jar;C:\Users\jeswi\.m2\repository\org\evosuite\evosuite-standalone-runtime\1.0.6\evosuite-standalone-runtime-1.0.6.jar;C:\Users\jeswi\.m2\repository\org\evosuite\evosuite-master\1.0.6\evosuite-master-1.0.6.jar;C:\Users\jeswi\.m2\repository\org\evosuite\evosuite-client\1.0.6\evosuite-client-1.0.6-tests.jar;C:\Users\jeswi\.m2\repository\org\evosuite\evosuite-runtime\1.0.6\evosuite-runtime-1.0.6.jar;C:\Users\jeswi\.m2\repository\javax\ejb\javax.ejb-api\3.2\javax.ejb-api-3.2.jar;C:\Users\jeswi\.m2\repository\javax\transaction\javax.transaction-api\1.2\javax.transaction-api-1.2.jar;C:\Users\jeswi\.m2\repository\javax\faces\javax.faces-api\2.2\javax.faces-api-2.2.jar;C:\Users\jeswi\.m2\repository\javax\ws\rs\jsr311-api\1.1.1\jsr311-api-1.1.1.jar;C:\Users\jeswi\.m2\repository\org\hsqldb\hsqldb\2.4.0\hsqldb-2.4.0.jar;C:\Users\jeswi\.m2\repository\org\springframework\spring-orm\4.3.14.RELEASE\spring-orm-4.3.14.RELEASE.jar;C:\Users\jeswi\.m2\repository\org\springframework\spring-beans\4.3.14.RELEASE\spring-beans-4.3.14.RELEASE.jar;C:\Users\jeswi\.m2\repository\org\springframework\spring-core\4.3.14.RELEASE\spring-core-4.3.14.RELEASE.jar;C:\Users\jeswi\.m2\repository\org\springframework\spring-jdbc\4.3.14.RELEASE\spring-jdbc-4.3.14.RELEASE.jar;C:\Users\jeswi\.m2\repository\org\springframework\spring-tx\4.3.14.RELEASE\spring-tx-4.3.14.RELEASE.jar;C:\Users\jeswi\.m2\repository\org\springframework\spring-context\4.3.14.RELEASE\spring-context-4.3.14.RELEASE.jar;C:\Users\jeswi\.m2\repository\org\springframework\spring-aop\4.3.14.RELEASE\spring-aop-4.3.14.RELEASE.jar;C:\Users\jeswi\.m2\repository\org\springframework\spring-expression\4.3.14.RELEASE\spring-expression-4.3.14.RELEASE.jar;C:\Users\jeswi\.m2\repository\junit\junit\4.12\junit-4.12.jar;C:\Users\jeswi\.m2\repository\org\hamcrest\hamcrest-core\1.3\hamcrest-core-1.3.jar;C:\Users\jeswi\.m2\repository\org\mockito\mockito-core\2.16.0\mockito-core-2.16.0.jar;C:\Users\jeswi\.m2\repository\net\bytebuddy\byte-buddy\1.7.9\byte-buddy-1.7.9.jar;C:\Users\jeswi\.m2\repository\net\bytebuddy\byte-buddy-agent\1.7.9\byte-buddy-agent-1.7.9.jar;C:\Users\jeswi\.m2\repository\org\objenesis\objenesis\2.6\objenesis-2.6.jar;C:\Users\jeswi\.m2\repository\org\slf4j\slf4j-api\1.7.22\slf4j-api-1.7.22.jar;C:\Users\jeswi\.m2\repository\org\ow2\asm\asm\6.0\asm-6.0.jar;C:\Users\jeswi\.m2\repository\org\ow2\asm\asm-commons\6.0\asm-commons-6.0.jar;C:\Users\jeswi\.m2\repository\org\ow2\asm\asm-tree\6.0\asm-tree-6.0.jar;C:\Users\jeswi\.m2\repository\org\ow2\asm\asm-analysis\6.0\asm-analysis-6.0.jar;C:\Users\jeswi\.m2\repository\org\ow2\asm\asm-util\6.0\asm-util-6.0.jar;C:\Users\jeswi\.m2\repository\javax\xml\bind\jaxb-api\2.3.0\jaxb-api-2.3.0.jar;C:\Users\jeswi\.m2\repository\com\opencsv\opencsv\4.1\opencsv-4.1.jar;C:\Users\jeswi\.m2\repository\org\apache\commons\commons-text\1.1\commons-text-1.1.jar;C:\Users\jeswi\.m2\repository\commons-beanutils\commons-beanutils\1.9.3\commons-beanutils-1.9.3.jar;C:\Users\jeswi\.m2\repository\commons-logging\commons-logging\1.2\commons-logging-1.2.jar;C:\Users\jeswi\.m2\repository\commons-collections\commons-collections\3.2.2\commons-collections-3.2.2.jar;C:\Users\jeswi\.m2\repository\dk\brics\automaton\automaton\1.11-8\automaton-1.11-8.jar;C:\Users\jeswi\.m2\repository\ch\qos\logback\logback-classic\1.1.3\logback-classic-1.1.3.jar;C:\Users\jeswi\.m2\repository\ch\qos\logback\logback-core\1.1.3\logback-core-1.1.3.jar;C:\Users\jeswi\.m2\repository\com\googlecode\gentyref\gentyref\1.2.0\gentyref-1.2.0.jar;C:\Users\jeswi\.m2\repository\net\sf\jgrapht\jgrapht\0.8.3\jgrapht-0.8.3.jar;C:\Users\jeswi\.m2\repository\com\thoughtworks\xstream\xstream\1.4.10\xstream-1.4.10.jar;C:\Users\jeswi\.m2\repository\xmlpull\xmlpull\1.1.3.1\xmlpull-1.1.3.1.jar;C:\Users\jeswi\.m2\repository\xpp3\xpp3_min\1.1.4c\xpp3_min-1.1.4c.jar;C:\Users\jeswi\.m2\repository\org\apache\commons\commons-lang3\3.7\commons-lang3-3.7.jar;C:\Users\jeswi\.m2\repository\commons-io\commons-io\2.6\commons-io-2.6.jar;C:\Users\jeswi\.m2\repository\commons-cli\commons-cli\1.4\commons-cli-1.4.jar;C:\Users\jeswi\.m2\repository\org\kohsuke\graphviz-api\1.1\graphviz-api-1.1.jar;C:\Users\jeswi\.m2\repository\oro\oro\2.0.8\oro-2.0.8.jar;C:\Users\jeswi\.m2\repository\org\apache\commons\commons-exec\1.3\commons-exec-1.3.jar;C:\Users\jeswi\.m2\repository\org\jboss\spec\javax\servlet\jboss-servlet-api_3.1_spec\1.0.2.Final\jboss-servlet-api_3.1_spec-1.0.2.Final.jar;C:\Users\jeswi\.m2\repository\javax\inject\javax.inject\1\javax.inject-1.jar;C:\Users\jeswi\.m2\repository\javax\enterprise\cdi-api\1.2\cdi-api-1.2.jar;C:\Users\jeswi\.m2\repository\javax\el\javax.el-api\3.0.0\javax.el-api-3.0.0.jar;C:\Users\jeswi\.m2\repository\javax\interceptor\javax.interceptor-api\1.2\javax.interceptor-api-1.2.jar;C:\Users\jeswi\.m2\repository\org\hibernate\hibernate-core\5.2.13.Final\hibernate-core-5.2.13.Final.jar;C:\Users\jeswi\.m2\repository\org\jboss\logging\jboss-logging\3.3.1.Final\jboss-logging-3.3.1.Final.jar;C:\Users\jeswi\.m2\repository\org\hibernate\javax\persistence\hibernate-jpa-2.1-api\1.0.0.Final\hibernate-jpa-2.1-api-1.0.0.Final.jar;C:\Users\jeswi\.m2\repository\org\javassist\javassist\3.22.0-GA\javassist-3.22.0-GA.jar;C:\Users\jeswi\.m2\repository\antlr\antlr\2.7.7\antlr-2.7.7.jar;C:\Users\jeswi\.m2\repository\org\jboss\spec\javax\transaction\jboss-transaction-api_1.2_spec\1.0.1.Final\jboss-transaction-api_1.2_spec-1.0.1.Final.jar;C:\Users\jeswi\.m2\repository\org\jboss\jandex\2.0.3.Final\jandex-2.0.3.Final.jar;C:\Users\jeswi\.m2\repository\com\fasterxml\classmate\1.3.0\classmate-1.3.0.jar;C:\Users\jeswi\.m2\repository\dom4j\dom4j\1.6.1\dom4j-1.6.1.jar;C:\Users\jeswi\.m2\repository\org\hibernate\common\hibernate-commons-annotations\5.0.1.Final\hibernate-commons-annotations-5.0.1.Final.jar;C:\Users\jeswi\.m2\repository\com\google\code\findbugs\jsr305\2.0.1\jsr305-2.0.1.jar;C:\Users\jeswi\OneDrive\Desktop\Unibexidade\3ano2sem\ATS-Project\TP2\target\test-classes;C:\Users\jeswi\OneDrive\Desktop\Unibexidade\3ano2sem\ATS-Project\TP2\target\classes;C:\Users\jeswi\.m2\repository\org\junit\jupiter\junit-jupiter-api\5.10.2\junit-jupiter-api-5.10.2.jar;C:\Users\jeswi\.m2\repository\org\opentest4j\opentest4j\1.3.0\opentest4j-1.3.0.jar;C:\Users\jeswi\.m2\repository\org\junit\platform\junit-platform-commons\1.10.2\junit-platform-commons-1.10.2.jar;C:\Users\jeswi\.m2\repository\org\apiguardian\apiguardian-api\1.1.2\apiguardian-api-1.1.2.jar;C:\Users\jeswi\.m2\repository\junit\junit\4.13.2\junit-4.13.2.jar;C:\Users\jeswi\.m2\repository\org\hamcrest\hamcrest-core\1.3\hamcrest-core-1.3.jar;C:\Users\jeswi\.m2\repository\org\evosuite\evosuite-standalone-runtime\1.0.6\evosuite-standalone-runtime-1.0.6.jar
[MASTER] 11:25:14.428 [pool-2-thread-1] ERROR JUnitAnalyzer - Diagnostic: unmappable character for encoding UTF-8: 21
[MASTER] 11:25:14.428 [pool-2-thread-1] ERROR JUnitAnalyzer - Diagnostic: illegal character: '\ufffd': 21
[MASTER] 11:25:14.430 [pool-2-thread-1] ERROR JUnitAnalyzer - RegularFileObject[C:\Users\jeswi\AppData\Local\Temp\EvoSuite_51_1714645514265\Gestor_Artigos_51_tmp__ESTest.java]
1: /*
2:  * This file was automatically generated by EvoSuite
3:  * Thu May 02 10:25:14 GMT 2024
4:  */
5: 
6: 
7: import org.junit.Test;
8: import static org.junit.Assert.*;
9: import org.evosuite.runtime.EvoRunner;
10: import org.evosuite.runtime.EvoRunnerParameters;
11: import org.junit.runner.RunWith;
12: 
13: @RunWith(EvoRunner.class) @EvoRunnerParameters(mockJVMNonDeterminism = true, useVFS = true, useVNET = true, resetStaticState = true, useJEE = true) 
14: public class Gestor_Artigos_51_tmp__ESTest extends Gestor_Artigos_51_tmp__ESTest_scaffolding {
15: 
16:   @Test(timeout = 4000)
17:   public void test0()  throws Throwable  {
18:       Gestor_Artigos gestor_Artigos0 = new Gestor_Artigos();
19:       Long long0 = new Long((-1190L));
20:       String string0 = gestor_Artigos0.criar_artigo_sapatilhas(" Premium: ", " Premium: ", (-1.0), false, 991, 991, long0, 0L, 991, false, " Premium: ", 509, false, 1183.1);
21:       String string1 = gestor_Artigos0.pesquisar_artigos_dimensão_mala(509);
22:       assertFalse(string1.equals((Object)string0));
23:   }
24: }
RegularFileObject[C:\Users\jeswi\AppData\Local\Temp\EvoSuite_51_1714645514265\Gestor_Artigos_51_tmp__ESTest.java]
1: /**
2:  * Scaffolding file used to store all the setups needed to run 
3:  * tests automatically generated by EvoSuite
4:  * Thu May 02 10:25:14 GMT 2024
5:  */
6: 
7: 
8: import org.evosuite.runtime.annotation.EvoSuiteClassExclude;
9: import org.junit.BeforeClass;
10: import org.junit.Before;
11: import org.junit.After;
12: import org.junit.AfterClass;
13: import org.evosuite.runtime.sandbox.Sandbox;
14: import org.evosuite.runtime.sandbox.Sandbox.SandboxMode;
15: 
16: @EvoSuiteClassExclude
17: public class Gestor_Artigos_51_tmp__ESTest_scaffolding {
18: 
19:   @org.junit.Rule 
20:   public org.evosuite.runtime.vnet.NonFunctionalRequirementRule nfr = new org.evosuite.runtime.vnet.NonFunctionalRequirementRule();
21: 
22:   private static final java.util.Properties defaultProperties = (java.util.Properties) java.lang.System.getProperties().clone(); 
23: 
24:   private org.evosuite.runtime.thread.ThreadStopper threadStopper =  new org.evosuite.runtime.thread.ThreadStopper (org.evosuite.runtime.thread.KillSwitchHandler.getInstance(), 3000);
25: 
26: 
27:   @BeforeClass 
28:   public static void initEvoSuiteFramework() { 
29:     org.evosuite.runtime.RuntimeSettings.className = "Gestor_Artigos"; 
30:     org.evosuite.runtime.GuiSupport.initialize(); 
31:     org.evosuite.runtime.RuntimeSettings.maxNumberOfThreads = 100; 
32:     org.evosuite.runtime.RuntimeSettings.maxNumberOfIterationsPerLoop = 10000; 
33:     org.evosuite.runtime.RuntimeSettings.mockSystemIn = true; 
34:     org.evosuite.runtime.RuntimeSettings.sandboxMode = org.evosuite.runtime.sandbox.Sandbox.SandboxMode.RECOMMENDED; 
35:     org.evosuite.runtime.sandbox.Sandbox.initializeSecurityManagerForSUT(); 
36:     org.evosuite.runtime.classhandling.JDKClassResetter.init();
37:     setSystemProperties();
38:     initializeClasses();
39:     org.evosuite.runtime.Runtime.getInstance().resetRuntime(); 
40:   } 
41: 
42:   @AfterClass 
43:   public static void clearEvoSuiteFramework(){ 
44:     Sandbox.resetDefaultSecurityManager(); 
45:     java.lang.System.setProperties((java.util.Properties) defaultProperties.clone()); 
46:   } 
47: 
48:   @Before 
49:   public void initTestCase(){ 
50:     threadStopper.storeCurrentThreads();
51:     threadStopper.startRecordingTime();
52:     org.evosuite.runtime.jvm.ShutdownHookHandler.getInstance().initHandler(); 
53:     org.evosuite.runtime.sandbox.Sandbox.goingToExecuteSUTCode(); 
54:     setSystemProperties(); 
55:     org.evosuite.runtime.GuiSupport.setHeadless(); 
56:     org.evosuite.runtime.Runtime.getInstance().resetRuntime(); 
57:     org.evosuite.runtime.agent.InstrumentingAgent.activate(); 
58:   } 
59: 
60:   @After 
61:   public void doneWithTestCase(){ 
62:     threadStopper.killAndJoinClientThreads();
63:     org.evosuite.runtime.jvm.ShutdownHookHandler.getInstance().safeExecuteAddedHooks(); 
64:     org.evosuite.runtime.classhandling.JDKClassResetter.reset(); 
65:     resetClasses(); 
66:     org.evosuite.runtime.sandbox.Sandbox.doneWithExecutingSUTCode(); 
67:     org.evosuite.runtime.agent.InstrumentingAgent.deactivate(); 
68:     org.evosuite.runtime.GuiSupport.restoreHeadlessMode(); 
69:   } 
70: 
71:   public static void setSystemProperties() {
72:  
73:     java.lang.System.setProperties((java.util.Properties) defaultProperties.clone()); 
74:     java.lang.System.setProperty("file.encoding", "Cp1252"); 
75:     java.lang.System.setProperty("java.awt.fonts", ""); 
76:     java.lang.System.setProperty("java.awt.headless", "true"); 
77:     java.lang.System.setProperty("java.io.tmpdir", "C:\\Users\\jeswi\\AppData\\Local\\Temp\\"); 
78:     java.lang.System.setProperty("user.country", "PT"); 
79:     java.lang.System.setProperty("user.dir", "C:\\Users\\jeswi\\OneDrive\\Desktop\\Unibexidade\\3ano2sem\\ATS-Project\\TP2"); 
80:     java.lang.System.setProperty("user.home", "C:\\Users\\jeswi"); 
81:     java.lang.System.setProperty("user.language", "pt"); 
82:     java.lang.System.setProperty("user.name", "jeswi"); 
83:     java.lang.System.setProperty("user.timezone", "Europe/London"); 
84:   }
85: 
86:   private static void initializeClasses() {
87:     org.evosuite.runtime.classhandling.ClassStateSupport.initializeClasses(Gestor_Artigos_51_tmp__ESTest_scaffolding.class.getClassLoader() ,
88:       "Dimensao",
89:       "Padrao",
90:       "Sapatilha",
91:       "Artigo",
92:       "Tamanho",
93:       "Encomenda",
94:       "ArtigoExistenteException",
95:       "Gestor_Artigos",
96:       "Mala",
97:       "Tshirt",
98:       "ArtigoNaoEncontradoException",
99:       "Estado"
100:     );
101:   } 
102: 
103:   private static void resetClasses() {
104:     org.evosuite.runtime.classhandling.ClassResetter.getInstance().setClassLoader(Gestor_Artigos_51_tmp__ESTest_scaffolding.class.getClassLoader()); 
105: 
106:     org.evosuite.runtime.classhandling.ClassStateSupport.resetClasses(
107:       "Gestor_Artigos",
108:       "Artigo",
109:       "Mala",
110:       "Sapatilha",
111:       "Tshirt",
112:       "Encomenda",
113:       "Estado",
114:       "ArtigoNaoEncontradoException",
115:       "Dimensao"
116:     );
117:   }
118: }

[MASTER] 11:25:14.430 [pool-2-thread-1] ERROR JUnitAnalyzer - Failed to compile test case:
Gestor_Artigos gestor_Artigos0 = new Gestor_Artigos();
Long long0 = new Long((-1190L));
String string0 = gestor_Artigos0.criar_artigo_sapatilhas(" Premium: ", " Premium: ", (-1.0), false, 991, 991, long0, 0L, 991, false, " Premium: ", 509, false, 1183.1);
String string1 = gestor_Artigos0.pesquisar_artigos_dimensão_mala(509);
assertFalse(string1.equals((Object)string0));


[MASTER] 11:25:14.593 [pool-2-thread-1] ERROR JUnitAnalyzer - Compilation failed on compilation units: [RegularFileObject[C:\Users\jeswi\AppData\Local\Temp\EvoSuite_52_1714645514434\Gestor_Artigos_52_tmp__ESTest.java], RegularFileObject[C:\Users\jeswi\AppData\Local\Temp\EvoSuite_52_1714645514434\Gestor_Artigos_52_tmp__ESTest_scaffolding.java]]
[MASTER] 11:25:14.594 [pool-2-thread-1] ERROR JUnitAnalyzer - Classpath: C:\Users\jeswi\OneDrive\Desktop\Unibexidade\3ano2sem\ATS-Project\TP2\target\test-classes;C:\Users\jeswi\OneDrive\Desktop\Unibexidade\3ano2sem\ATS-Project\TP2\target\classes;C:\Users\jeswi\.m2\repository\org\junit\jupiter\junit-jupiter-api\5.10.2\junit-jupiter-api-5.10.2.jar;C:\Users\jeswi\.m2\repository\org\opentest4j\opentest4j\1.3.0\opentest4j-1.3.0.jar;C:\Users\jeswi\.m2\repository\org\junit\platform\junit-platform-commons\1.10.2\junit-platform-commons-1.10.2.jar;C:\Users\jeswi\.m2\repository\org\apiguardian\apiguardian-api\1.1.2\apiguardian-api-1.1.2.jar;C:\Users\jeswi\.m2\repository\junit\junit\4.13.2\junit-4.13.2.jar;C:\Users\jeswi\.m2\repository\org\hamcrest\hamcrest-core\1.3\hamcrest-core-1.3.jar;C:\Users\jeswi\.m2\repository\org\evosuite\evosuite-standalone-runtime\1.0.6\evosuite-standalone-runtime-1.0.6.jar;C:\Users\jeswi\OneDrive\Desktop\Unibexidade\3ano2sem\ATS-Project\TP2\target\test-classes;C:\Users\jeswi\OneDrive\Desktop\Unibexidade\3ano2sem\ATS-Project\TP2\target\classes;C:\Users\jeswi\.m2\repository\org\junit\jupiter\junit-jupiter-api\5.10.2\junit-jupiter-api-5.10.2.jar;C:\Users\jeswi\.m2\repository\org\opentest4j\opentest4j\1.3.0\opentest4j-1.3.0.jar;C:\Users\jeswi\.m2\repository\org\junit\platform\junit-platform-commons\1.10.2\junit-platform-commons-1.10.2.jar;C:\Users\jeswi\.m2\repository\org\apiguardian\apiguardian-api\1.1.2\apiguardian-api-1.1.2.jar;C:\Users\jeswi\.m2\repository\junit\junit\4.13.2\junit-4.13.2.jar;C:\Users\jeswi\.m2\repository\org\hamcrest\hamcrest-core\1.3\hamcrest-core-1.3.jar;C:\Users\jeswi\.m2\repository\org\evosuite\evosuite-standalone-runtime\1.0.6\evosuite-standalone-runtime-1.0.6.jar;C:\Users\jeswi\.m2\repository\org\evosuite\evosuite-master\1.0.6\evosuite-master-1.0.6.jar;C:\Users\jeswi\.m2\repository\org\evosuite\evosuite-client\1.0.6\evosuite-client-1.0.6-tests.jar;C:\Users\jeswi\.m2\repository\org\evosuite\evosuite-runtime\1.0.6\evosuite-runtime-1.0.6.jar;C:\Users\jeswi\.m2\repository\javax\ejb\javax.ejb-api\3.2\javax.ejb-api-3.2.jar;C:\Users\jeswi\.m2\repository\javax\transaction\javax.transaction-api\1.2\javax.transaction-api-1.2.jar;C:\Users\jeswi\.m2\repository\javax\faces\javax.faces-api\2.2\javax.faces-api-2.2.jar;C:\Users\jeswi\.m2\repository\javax\ws\rs\jsr311-api\1.1.1\jsr311-api-1.1.1.jar;C:\Users\jeswi\.m2\repository\org\hsqldb\hsqldb\2.4.0\hsqldb-2.4.0.jar;C:\Users\jeswi\.m2\repository\org\springframework\spring-orm\4.3.14.RELEASE\spring-orm-4.3.14.RELEASE.jar;C:\Users\jeswi\.m2\repository\org\springframework\spring-beans\4.3.14.RELEASE\spring-beans-4.3.14.RELEASE.jar;C:\Users\jeswi\.m2\repository\org\springframework\spring-core\4.3.14.RELEASE\spring-core-4.3.14.RELEASE.jar;C:\Users\jeswi\.m2\repository\org\springframework\spring-jdbc\4.3.14.RELEASE\spring-jdbc-4.3.14.RELEASE.jar;C:\Users\jeswi\.m2\repository\org\springframework\spring-tx\4.3.14.RELEASE\spring-tx-4.3.14.RELEASE.jar;C:\Users\jeswi\.m2\repository\org\springframework\spring-context\4.3.14.RELEASE\spring-context-4.3.14.RELEASE.jar;C:\Users\jeswi\.m2\repository\org\springframework\spring-aop\4.3.14.RELEASE\spring-aop-4.3.14.RELEASE.jar;C:\Users\jeswi\.m2\repository\org\springframework\spring-expression\4.3.14.RELEASE\spring-expression-4.3.14.RELEASE.jar;C:\Users\jeswi\.m2\repository\junit\junit\4.12\junit-4.12.jar;C:\Users\jeswi\.m2\repository\org\hamcrest\hamcrest-core\1.3\hamcrest-core-1.3.jar;C:\Users\jeswi\.m2\repository\org\mockito\mockito-core\2.16.0\mockito-core-2.16.0.jar;C:\Users\jeswi\.m2\repository\net\bytebuddy\byte-buddy\1.7.9\byte-buddy-1.7.9.jar;C:\Users\jeswi\.m2\repository\net\bytebuddy\byte-buddy-agent\1.7.9\byte-buddy-agent-1.7.9.jar;C:\Users\jeswi\.m2\repository\org\objenesis\objenesis\2.6\objenesis-2.6.jar;C:\Users\jeswi\.m2\repository\org\slf4j\slf4j-api\1.7.22\slf4j-api-1.7.22.jar;C:\Users\jeswi\.m2\repository\org\ow2\asm\asm\6.0\asm-6.0.jar;C:\Users\jeswi\.m2\repository\org\ow2\asm\asm-commons\6.0\asm-commons-6.0.jar;C:\Users\jeswi\.m2\repository\org\ow2\asm\asm-tree\6.0\asm-tree-6.0.jar;C:\Users\jeswi\.m2\repository\org\ow2\asm\asm-analysis\6.0\asm-analysis-6.0.jar;C:\Users\jeswi\.m2\repository\org\ow2\asm\asm-util\6.0\asm-util-6.0.jar;C:\Users\jeswi\.m2\repository\javax\xml\bind\jaxb-api\2.3.0\jaxb-api-2.3.0.jar;C:\Users\jeswi\.m2\repository\com\opencsv\opencsv\4.1\opencsv-4.1.jar;C:\Users\jeswi\.m2\repository\org\apache\commons\commons-text\1.1\commons-text-1.1.jar;C:\Users\jeswi\.m2\repository\commons-beanutils\commons-beanutils\1.9.3\commons-beanutils-1.9.3.jar;C:\Users\jeswi\.m2\repository\commons-logging\commons-logging\1.2\commons-logging-1.2.jar;C:\Users\jeswi\.m2\repository\commons-collections\commons-collections\3.2.2\commons-collections-3.2.2.jar;C:\Users\jeswi\.m2\repository\dk\brics\automaton\automaton\1.11-8\automaton-1.11-8.jar;C:\Users\jeswi\.m2\repository\ch\qos\logback\logback-classic\1.1.3\logback-classic-1.1.3.jar;C:\Users\jeswi\.m2\repository\ch\qos\logback\logback-core\1.1.3\logback-core-1.1.3.jar;C:\Users\jeswi\.m2\repository\com\googlecode\gentyref\gentyref\1.2.0\gentyref-1.2.0.jar;C:\Users\jeswi\.m2\repository\net\sf\jgrapht\jgrapht\0.8.3\jgrapht-0.8.3.jar;C:\Users\jeswi\.m2\repository\com\thoughtworks\xstream\xstream\1.4.10\xstream-1.4.10.jar;C:\Users\jeswi\.m2\repository\xmlpull\xmlpull\1.1.3.1\xmlpull-1.1.3.1.jar;C:\Users\jeswi\.m2\repository\xpp3\xpp3_min\1.1.4c\xpp3_min-1.1.4c.jar;C:\Users\jeswi\.m2\repository\org\apache\commons\commons-lang3\3.7\commons-lang3-3.7.jar;C:\Users\jeswi\.m2\repository\commons-io\commons-io\2.6\commons-io-2.6.jar;C:\Users\jeswi\.m2\repository\commons-cli\commons-cli\1.4\commons-cli-1.4.jar;C:\Users\jeswi\.m2\repository\org\kohsuke\graphviz-api\1.1\graphviz-api-1.1.jar;C:\Users\jeswi\.m2\repository\oro\oro\2.0.8\oro-2.0.8.jar;C:\Users\jeswi\.m2\repository\org\apache\commons\commons-exec\1.3\commons-exec-1.3.jar;C:\Users\jeswi\.m2\repository\org\jboss\spec\javax\servlet\jboss-servlet-api_3.1_spec\1.0.2.Final\jboss-servlet-api_3.1_spec-1.0.2.Final.jar;C:\Users\jeswi\.m2\repository\javax\inject\javax.inject\1\javax.inject-1.jar;C:\Users\jeswi\.m2\repository\javax\enterprise\cdi-api\1.2\cdi-api-1.2.jar;C:\Users\jeswi\.m2\repository\javax\el\javax.el-api\3.0.0\javax.el-api-3.0.0.jar;C:\Users\jeswi\.m2\repository\javax\interceptor\javax.interceptor-api\1.2\javax.interceptor-api-1.2.jar;C:\Users\jeswi\.m2\repository\org\hibernate\hibernate-core\5.2.13.Final\hibernate-core-5.2.13.Final.jar;C:\Users\jeswi\.m2\repository\org\jboss\logging\jboss-logging\3.3.1.Final\jboss-logging-3.3.1.Final.jar;C:\Users\jeswi\.m2\repository\org\hibernate\javax\persistence\hibernate-jpa-2.1-api\1.0.0.Final\hibernate-jpa-2.1-api-1.0.0.Final.jar;C:\Users\jeswi\.m2\repository\org\javassist\javassist\3.22.0-GA\javassist-3.22.0-GA.jar;C:\Users\jeswi\.m2\repository\antlr\antlr\2.7.7\antlr-2.7.7.jar;C:\Users\jeswi\.m2\repository\org\jboss\spec\javax\transaction\jboss-transaction-api_1.2_spec\1.0.1.Final\jboss-transaction-api_1.2_spec-1.0.1.Final.jar;C:\Users\jeswi\.m2\repository\org\jboss\jandex\2.0.3.Final\jandex-2.0.3.Final.jar;C:\Users\jeswi\.m2\repository\com\fasterxml\classmate\1.3.0\classmate-1.3.0.jar;C:\Users\jeswi\.m2\repository\dom4j\dom4j\1.6.1\dom4j-1.6.1.jar;C:\Users\jeswi\.m2\repository\org\hibernate\common\hibernate-commons-annotations\5.0.1.Final\hibernate-commons-annotations-5.0.1.Final.jar;C:\Users\jeswi\.m2\repository\com\google\code\findbugs\jsr305\2.0.1\jsr305-2.0.1.jar;C:\Users\jeswi\OneDrive\Desktop\Unibexidade\3ano2sem\ATS-Project\TP2\target\test-classes;C:\Users\jeswi\OneDrive\Desktop\Unibexidade\3ano2sem\ATS-Project\TP2\target\classes;C:\Users\jeswi\.m2\repository\org\junit\jupiter\junit-jupiter-api\5.10.2\junit-jupiter-api-5.10.2.jar;C:\Users\jeswi\.m2\repository\org\opentest4j\opentest4j\1.3.0\opentest4j-1.3.0.jar;C:\Users\jeswi\.m2\repository\org\junit\platform\junit-platform-commons\1.10.2\junit-platform-commons-1.10.2.jar;C:\Users\jeswi\.m2\repository\org\apiguardian\apiguardian-api\1.1.2\apiguardian-api-1.1.2.jar;C:\Users\jeswi\.m2\repository\junit\junit\4.13.2\junit-4.13.2.jar;C:\Users\jeswi\.m2\repository\org\hamcrest\hamcrest-core\1.3\hamcrest-core-1.3.jar;C:\Users\jeswi\.m2\repository\org\evosuite\evosuite-standalone-runtime\1.0.6\evosuite-standalone-runtime-1.0.6.jar
[MASTER] 11:25:14.594 [pool-2-thread-1] ERROR JUnitAnalyzer - evosuiteCP: C:\Users\jeswi\OneDrive\Desktop\Unibexidade\3ano2sem\ATS-Project\TP2\target\test-classes;C:\Users\jeswi\OneDrive\Desktop\Unibexidade\3ano2sem\ATS-Project\TP2\target\classes;C:\Users\jeswi\.m2\repository\org\junit\jupiter\junit-jupiter-api\5.10.2\junit-jupiter-api-5.10.2.jar;C:\Users\jeswi\.m2\repository\org\opentest4j\opentest4j\1.3.0\opentest4j-1.3.0.jar;C:\Users\jeswi\.m2\repository\org\junit\platform\junit-platform-commons\1.10.2\junit-platform-commons-1.10.2.jar;C:\Users\jeswi\.m2\repository\org\apiguardian\apiguardian-api\1.1.2\apiguardian-api-1.1.2.jar;C:\Users\jeswi\.m2\repository\junit\junit\4.13.2\junit-4.13.2.jar;C:\Users\jeswi\.m2\repository\org\hamcrest\hamcrest-core\1.3\hamcrest-core-1.3.jar;C:\Users\jeswi\.m2\repository\org\evosuite\evosuite-standalone-runtime\1.0.6\evosuite-standalone-runtime-1.0.6.jar;C:\Users\jeswi\.m2\repository\org\evosuite\evosuite-master\1.0.6\evosuite-master-1.0.6.jar;C:\Users\jeswi\.m2\repository\org\evosuite\evosuite-client\1.0.6\evosuite-client-1.0.6-tests.jar;C:\Users\jeswi\.m2\repository\org\evosuite\evosuite-runtime\1.0.6\evosuite-runtime-1.0.6.jar;C:\Users\jeswi\.m2\repository\javax\ejb\javax.ejb-api\3.2\javax.ejb-api-3.2.jar;C:\Users\jeswi\.m2\repository\javax\transaction\javax.transaction-api\1.2\javax.transaction-api-1.2.jar;C:\Users\jeswi\.m2\repository\javax\faces\javax.faces-api\2.2\javax.faces-api-2.2.jar;C:\Users\jeswi\.m2\repository\javax\ws\rs\jsr311-api\1.1.1\jsr311-api-1.1.1.jar;C:\Users\jeswi\.m2\repository\org\hsqldb\hsqldb\2.4.0\hsqldb-2.4.0.jar;C:\Users\jeswi\.m2\repository\org\springframework\spring-orm\4.3.14.RELEASE\spring-orm-4.3.14.RELEASE.jar;C:\Users\jeswi\.m2\repository\org\springframework\spring-beans\4.3.14.RELEASE\spring-beans-4.3.14.RELEASE.jar;C:\Users\jeswi\.m2\repository\org\springframework\spring-core\4.3.14.RELEASE\spring-core-4.3.14.RELEASE.jar;C:\Users\jeswi\.m2\repository\org\springframework\spring-jdbc\4.3.14.RELEASE\spring-jdbc-4.3.14.RELEASE.jar;C:\Users\jeswi\.m2\repository\org\springframework\spring-tx\4.3.14.RELEASE\spring-tx-4.3.14.RELEASE.jar;C:\Users\jeswi\.m2\repository\org\springframework\spring-context\4.3.14.RELEASE\spring-context-4.3.14.RELEASE.jar;C:\Users\jeswi\.m2\repository\org\springframework\spring-aop\4.3.14.RELEASE\spring-aop-4.3.14.RELEASE.jar;C:\Users\jeswi\.m2\repository\org\springframework\spring-expression\4.3.14.RELEASE\spring-expression-4.3.14.RELEASE.jar;C:\Users\jeswi\.m2\repository\junit\junit\4.12\junit-4.12.jar;C:\Users\jeswi\.m2\repository\org\hamcrest\hamcrest-core\1.3\hamcrest-core-1.3.jar;C:\Users\jeswi\.m2\repository\org\mockito\mockito-core\2.16.0\mockito-core-2.16.0.jar;C:\Users\jeswi\.m2\repository\net\bytebuddy\byte-buddy\1.7.9\byte-buddy-1.7.9.jar;C:\Users\jeswi\.m2\repository\net\bytebuddy\byte-buddy-agent\1.7.9\byte-buddy-agent-1.7.9.jar;C:\Users\jeswi\.m2\repository\org\objenesis\objenesis\2.6\objenesis-2.6.jar;C:\Users\jeswi\.m2\repository\org\slf4j\slf4j-api\1.7.22\slf4j-api-1.7.22.jar;C:\Users\jeswi\.m2\repository\org\ow2\asm\asm\6.0\asm-6.0.jar;C:\Users\jeswi\.m2\repository\org\ow2\asm\asm-commons\6.0\asm-commons-6.0.jar;C:\Users\jeswi\.m2\repository\org\ow2\asm\asm-tree\6.0\asm-tree-6.0.jar;C:\Users\jeswi\.m2\repository\org\ow2\asm\asm-analysis\6.0\asm-analysis-6.0.jar;C:\Users\jeswi\.m2\repository\org\ow2\asm\asm-util\6.0\asm-util-6.0.jar;C:\Users\jeswi\.m2\repository\javax\xml\bind\jaxb-api\2.3.0\jaxb-api-2.3.0.jar;C:\Users\jeswi\.m2\repository\com\opencsv\opencsv\4.1\opencsv-4.1.jar;C:\Users\jeswi\.m2\repository\org\apache\commons\commons-text\1.1\commons-text-1.1.jar;C:\Users\jeswi\.m2\repository\commons-beanutils\commons-beanutils\1.9.3\commons-beanutils-1.9.3.jar;C:\Users\jeswi\.m2\repository\commons-logging\commons-logging\1.2\commons-logging-1.2.jar;C:\Users\jeswi\.m2\repository\commons-collections\commons-collections\3.2.2\commons-collections-3.2.2.jar;C:\Users\jeswi\.m2\repository\dk\brics\automaton\automaton\1.11-8\automaton-1.11-8.jar;C:\Users\jeswi\.m2\repository\ch\qos\logback\logback-classic\1.1.3\logback-classic-1.1.3.jar;C:\Users\jeswi\.m2\repository\ch\qos\logback\logback-core\1.1.3\logback-core-1.1.3.jar;C:\Users\jeswi\.m2\repository\com\googlecode\gentyref\gentyref\1.2.0\gentyref-1.2.0.jar;C:\Users\jeswi\.m2\repository\net\sf\jgrapht\jgrapht\0.8.3\jgrapht-0.8.3.jar;C:\Users\jeswi\.m2\repository\com\thoughtworks\xstream\xstream\1.4.10\xstream-1.4.10.jar;C:\Users\jeswi\.m2\repository\xmlpull\xmlpull\1.1.3.1\xmlpull-1.1.3.1.jar;C:\Users\jeswi\.m2\repository\xpp3\xpp3_min\1.1.4c\xpp3_min-1.1.4c.jar;C:\Users\jeswi\.m2\repository\org\apache\commons\commons-lang3\3.7\commons-lang3-3.7.jar;C:\Users\jeswi\.m2\repository\commons-io\commons-io\2.6\commons-io-2.6.jar;C:\Users\jeswi\.m2\repository\commons-cli\commons-cli\1.4\commons-cli-1.4.jar;C:\Users\jeswi\.m2\repository\org\kohsuke\graphviz-api\1.1\graphviz-api-1.1.jar;C:\Users\jeswi\.m2\repository\oro\oro\2.0.8\oro-2.0.8.jar;C:\Users\jeswi\.m2\repository\org\apache\commons\commons-exec\1.3\commons-exec-1.3.jar;C:\Users\jeswi\.m2\repository\org\jboss\spec\javax\servlet\jboss-servlet-api_3.1_spec\1.0.2.Final\jboss-servlet-api_3.1_spec-1.0.2.Final.jar;C:\Users\jeswi\.m2\repository\javax\inject\javax.inject\1\javax.inject-1.jar;C:\Users\jeswi\.m2\repository\javax\enterprise\cdi-api\1.2\cdi-api-1.2.jar;C:\Users\jeswi\.m2\repository\javax\el\javax.el-api\3.0.0\javax.el-api-3.0.0.jar;C:\Users\jeswi\.m2\repository\javax\interceptor\javax.interceptor-api\1.2\javax.interceptor-api-1.2.jar;C:\Users\jeswi\.m2\repository\org\hibernate\hibernate-core\5.2.13.Final\hibernate-core-5.2.13.Final.jar;C:\Users\jeswi\.m2\repository\org\jboss\logging\jboss-logging\3.3.1.Final\jboss-logging-3.3.1.Final.jar;C:\Users\jeswi\.m2\repository\org\hibernate\javax\persistence\hibernate-jpa-2.1-api\1.0.0.Final\hibernate-jpa-2.1-api-1.0.0.Final.jar;C:\Users\jeswi\.m2\repository\org\javassist\javassist\3.22.0-GA\javassist-3.22.0-GA.jar;C:\Users\jeswi\.m2\repository\antlr\antlr\2.7.7\antlr-2.7.7.jar;C:\Users\jeswi\.m2\repository\org\jboss\spec\javax\transaction\jboss-transaction-api_1.2_spec\1.0.1.Final\jboss-transaction-api_1.2_spec-1.0.1.Final.jar;C:\Users\jeswi\.m2\repository\org\jboss\jandex\2.0.3.Final\jandex-2.0.3.Final.jar;C:\Users\jeswi\.m2\repository\com\fasterxml\classmate\1.3.0\classmate-1.3.0.jar;C:\Users\jeswi\.m2\repository\dom4j\dom4j\1.6.1\dom4j-1.6.1.jar;C:\Users\jeswi\.m2\repository\org\hibernate\common\hibernate-commons-annotations\5.0.1.Final\hibernate-commons-annotations-5.0.1.Final.jar;C:\Users\jeswi\.m2\repository\com\google\code\findbugs\jsr305\2.0.1\jsr305-2.0.1.jar;C:\Users\jeswi\OneDrive\Desktop\Unibexidade\3ano2sem\ATS-Project\TP2\target\test-classes;C:\Users\jeswi\OneDrive\Desktop\Unibexidade\3ano2sem\ATS-Project\TP2\target\classes;C:\Users\jeswi\.m2\repository\org\junit\jupiter\junit-jupiter-api\5.10.2\junit-jupiter-api-5.10.2.jar;C:\Users\jeswi\.m2\repository\org\opentest4j\opentest4j\1.3.0\opentest4j-1.3.0.jar;C:\Users\jeswi\.m2\repository\org\junit\platform\junit-platform-commons\1.10.2\junit-platform-commons-1.10.2.jar;C:\Users\jeswi\.m2\repository\org\apiguardian\apiguardian-api\1.1.2\apiguardian-api-1.1.2.jar;C:\Users\jeswi\.m2\repository\junit\junit\4.13.2\junit-4.13.2.jar;C:\Users\jeswi\.m2\repository\org\hamcrest\hamcrest-core\1.3\hamcrest-core-1.3.jar;C:\Users\jeswi\.m2\repository\org\evosuite\evosuite-standalone-runtime\1.0.6\evosuite-standalone-runtime-1.0.6.jar
[MASTER] 11:25:14.595 [pool-2-thread-1] ERROR JUnitAnalyzer - Diagnostic: unmappable character for encoding UTF-8: 21
[MASTER] 11:25:14.595 [pool-2-thread-1] ERROR JUnitAnalyzer - Diagnostic: illegal character: '\ufffd': 21
[MASTER] 11:25:14.598 [pool-2-thread-1] ERROR JUnitAnalyzer - RegularFileObject[C:\Users\jeswi\AppData\Local\Temp\EvoSuite_52_1714645514434\Gestor_Artigos_52_tmp__ESTest.java]
1: /*
2:  * This file was automatically generated by EvoSuite
3:  * Thu May 02 10:25:14 GMT 2024
4:  */
5: 
6: 
7: import org.junit.Test;
8: import static org.junit.Assert.*;
9: import org.evosuite.runtime.EvoRunner;
10: import org.evosuite.runtime.EvoRunnerParameters;
11: import org.junit.runner.RunWith;
12: 
13: @RunWith(EvoRunner.class) @EvoRunnerParameters(mockJVMNonDeterminism = true, useVFS = true, useVNET = true, resetStaticState = true, useJEE = true) 
14: public class Gestor_Artigos_52_tmp__ESTest extends Gestor_Artigos_52_tmp__ESTest_scaffolding {
15: 
16:   @Test(timeout = 4000)
17:   public void test0()  throws Throwable  {
18:       Gestor_Artigos gestor_Artigos0 = new Gestor_Artigos();
19:       Boolean boolean0 = new Boolean("TS[<.FMtf'O");
20:       gestor_Artigos0.criar_artigo_mala("TS[<.FMtf'O", "TS[<.FMtf'O", 0.0, true, (-4115), (-4115), (-4115), 1787L, 143, "TS[<.FMtf'O", 1, boolean0, 1);
21:       String string0 = gestor_Artigos0.pesquisar_artigos_dimensão_mala(143);
22:       assertEquals("Mala:: {Artigo:: { C\u00F3digo de barras: A1 Descri\u00E7\u00E3o: TS[<.FMtf'O Marca: TS[<.FMtf'O Pre\u00E7o base: 0.0 Novo: true Estado de uso: -4115 N\u00FAmero de utilizadores: -4115 Disponivel: true Id da transportadora: -4115 Id do vendedor: 1787 } Dimens\u00E3o: 143 Material: TS[<.FMtf'O Ano da Cole\u00E7\u00E3o: 1 Premium: false Valoriza\u00E7\u00E3o: 1.0}\n", string0);
23:   }
24: }
RegularFileObject[C:\Users\jeswi\AppData\Local\Temp\EvoSuite_52_1714645514434\Gestor_Artigos_52_tmp__ESTest.java]
1: /**
2:  * Scaffolding file used to store all the setups needed to run 
3:  * tests automatically generated by EvoSuite
4:  * Thu May 02 10:25:14 GMT 2024
5:  */
6: 
7: 
8: import org.evosuite.runtime.annotation.EvoSuiteClassExclude;
9: import org.junit.BeforeClass;
10: import org.junit.Before;
11: import org.junit.After;
12: import org.junit.AfterClass;
13: import org.evosuite.runtime.sandbox.Sandbox;
14: import org.evosuite.runtime.sandbox.Sandbox.SandboxMode;
15: 
16: @EvoSuiteClassExclude
17: public class Gestor_Artigos_52_tmp__ESTest_scaffolding {
18: 
19:   @org.junit.Rule 
20:   public org.evosuite.runtime.vnet.NonFunctionalRequirementRule nfr = new org.evosuite.runtime.vnet.NonFunctionalRequirementRule();
21: 
22:   private static final java.util.Properties defaultProperties = (java.util.Properties) java.lang.System.getProperties().clone(); 
23: 
24:   private org.evosuite.runtime.thread.ThreadStopper threadStopper =  new org.evosuite.runtime.thread.ThreadStopper (org.evosuite.runtime.thread.KillSwitchHandler.getInstance(), 3000);
25: 
26: 
27:   @BeforeClass 
28:   public static void initEvoSuiteFramework() { 
29:     org.evosuite.runtime.RuntimeSettings.className = "Gestor_Artigos"; 
30:     org.evosuite.runtime.GuiSupport.initialize(); 
31:     org.evosuite.runtime.RuntimeSettings.maxNumberOfThreads = 100; 
32:     org.evosuite.runtime.RuntimeSettings.maxNumberOfIterationsPerLoop = 10000; 
33:     org.evosuite.runtime.RuntimeSettings.mockSystemIn = true; 
34:     org.evosuite.runtime.RuntimeSettings.sandboxMode = org.evosuite.runtime.sandbox.Sandbox.SandboxMode.RECOMMENDED; 
35:     org.evosuite.runtime.sandbox.Sandbox.initializeSecurityManagerForSUT(); 
36:     org.evosuite.runtime.classhandling.JDKClassResetter.init();
37:     setSystemProperties();
38:     initializeClasses();
39:     org.evosuite.runtime.Runtime.getInstance().resetRuntime(); 
40:   } 
41: 
42:   @AfterClass 
43:   public static void clearEvoSuiteFramework(){ 
44:     Sandbox.resetDefaultSecurityManager(); 
45:     java.lang.System.setProperties((java.util.Properties) defaultProperties.clone()); 
46:   } 
47: 
48:   @Before 
49:   public void initTestCase(){ 
50:     threadStopper.storeCurrentThreads();
51:     threadStopper.startRecordingTime();
52:     org.evosuite.runtime.jvm.ShutdownHookHandler.getInstance().initHandler(); 
53:     org.evosuite.runtime.sandbox.Sandbox.goingToExecuteSUTCode(); 
54:     setSystemProperties(); 
55:     org.evosuite.runtime.GuiSupport.setHeadless(); 
56:     org.evosuite.runtime.Runtime.getInstance().resetRuntime(); 
57:     org.evosuite.runtime.agent.InstrumentingAgent.activate(); 
58:   } 
59: 
60:   @After 
61:   public void doneWithTestCase(){ 
62:     threadStopper.killAndJoinClientThreads();
63:     org.evosuite.runtime.jvm.ShutdownHookHandler.getInstance().safeExecuteAddedHooks(); 
64:     org.evosuite.runtime.classhandling.JDKClassResetter.reset(); 
65:     resetClasses(); 
66:     org.evosuite.runtime.sandbox.Sandbox.doneWithExecutingSUTCode(); 
67:     org.evosuite.runtime.agent.InstrumentingAgent.deactivate(); 
68:     org.evosuite.runtime.GuiSupport.restoreHeadlessMode(); 
69:   } 
70: 
71:   public static void setSystemProperties() {
72:  
73:     java.lang.System.setProperties((java.util.Properties) defaultProperties.clone()); 
74:     java.lang.System.setProperty("file.encoding", "Cp1252"); 
75:     java.lang.System.setProperty("java.awt.fonts", ""); 
76:     java.lang.System.setProperty("java.awt.headless", "true"); 
77:     java.lang.System.setProperty("java.io.tmpdir", "C:\\Users\\jeswi\\AppData\\Local\\Temp\\"); 
78:     java.lang.System.setProperty("user.country", "PT"); 
79:     java.lang.System.setProperty("user.dir", "C:\\Users\\jeswi\\OneDrive\\Desktop\\Unibexidade\\3ano2sem\\ATS-Project\\TP2"); 
80:     java.lang.System.setProperty("user.home", "C:\\Users\\jeswi"); 
81:     java.lang.System.setProperty("user.language", "pt"); 
82:     java.lang.System.setProperty("user.name", "jeswi"); 
83:     java.lang.System.setProperty("user.timezone", "Europe/London"); 
84:   }
85: 
86:   private static void initializeClasses() {
87:     org.evosuite.runtime.classhandling.ClassStateSupport.initializeClasses(Gestor_Artigos_52_tmp__ESTest_scaffolding.class.getClassLoader() ,
88:       "Dimensao",
89:       "Padrao",
90:       "Sapatilha",
91:       "Artigo",
92:       "Tamanho",
93:       "Encomenda",
94:       "ArtigoExistenteException",
95:       "Gestor_Artigos",
96:       "Mala",
97:       "Tshirt",
98:       "ArtigoNaoEncontradoException",
99:       "Estado"
100:     );
101:   } 
102: 
103:   private static void resetClasses() {
104:     org.evosuite.runtime.classhandling.ClassResetter.getInstance().setClassLoader(Gestor_Artigos_52_tmp__ESTest_scaffolding.class.getClassLoader()); 
105: 
106:     org.evosuite.runtime.classhandling.ClassStateSupport.resetClasses(
107:       "Gestor_Artigos",
108:       "Artigo",
109:       "Mala",
110:       "Sapatilha",
111:       "Tshirt",
112:       "Encomenda",
113:       "Estado",
114:       "ArtigoNaoEncontradoException",
115:       "Dimensao"
116:     );
117:   }
118: }

[MASTER] 11:25:14.598 [pool-2-thread-1] ERROR JUnitAnalyzer - Failed to compile test case:
Gestor_Artigos gestor_Artigos0 = new Gestor_Artigos();
Boolean boolean0 = new Boolean("TS[<.FMtf'O");
gestor_Artigos0.criar_artigo_mala("TS[<.FMtf'O", "TS[<.FMtf'O", 0.0, true, (-4115), (-4115), (-4115), 1787L, 143, "TS[<.FMtf'O", 1, boolean0, 1);
String string0 = gestor_Artigos0.pesquisar_artigos_dimensão_mala(143);
assertEquals("Mala:: {Artigo:: { C\u00F3digo de barras: A1 Descri\u00E7\u00E3o: TS[<.FMtf'O Marca: TS[<.FMtf'O Pre\u00E7o base: 0.0 Novo: true Estado de uso: -4115 N\u00FAmero de utilizadores: -4115 Disponivel: true Id da transportadora: -4115 Id do vendedor: 1787 } Dimens\u00E3o: 143 Material: TS[<.FMtf'O Ano da Cole\u00E7\u00E3o: 1 Premium: false Valoriza\u00E7\u00E3o: 1.0}\n", string0);


[MASTER] 11:25:14.734 [pool-2-thread-1] ERROR JUnitAnalyzer - Compilation failed on compilation units: [RegularFileObject[C:\Users\jeswi\AppData\Local\Temp\EvoSuite_53_1714645514601\Gestor_Artigos_53_tmp__ESTest.java], RegularFileObject[C:\Users\jeswi\AppData\Local\Temp\EvoSuite_53_1714645514601\Gestor_Artigos_53_tmp__ESTest_scaffolding.java]]
[MASTER] 11:25:14.734 [pool-2-thread-1] ERROR JUnitAnalyzer - Classpath: C:\Users\jeswi\OneDrive\Desktop\Unibexidade\3ano2sem\ATS-Project\TP2\target\test-classes;C:\Users\jeswi\OneDrive\Desktop\Unibexidade\3ano2sem\ATS-Project\TP2\target\classes;C:\Users\jeswi\.m2\repository\org\junit\jupiter\junit-jupiter-api\5.10.2\junit-jupiter-api-5.10.2.jar;C:\Users\jeswi\.m2\repository\org\opentest4j\opentest4j\1.3.0\opentest4j-1.3.0.jar;C:\Users\jeswi\.m2\repository\org\junit\platform\junit-platform-commons\1.10.2\junit-platform-commons-1.10.2.jar;C:\Users\jeswi\.m2\repository\org\apiguardian\apiguardian-api\1.1.2\apiguardian-api-1.1.2.jar;C:\Users\jeswi\.m2\repository\junit\junit\4.13.2\junit-4.13.2.jar;C:\Users\jeswi\.m2\repository\org\hamcrest\hamcrest-core\1.3\hamcrest-core-1.3.jar;C:\Users\jeswi\.m2\repository\org\evosuite\evosuite-standalone-runtime\1.0.6\evosuite-standalone-runtime-1.0.6.jar;C:\Users\jeswi\OneDrive\Desktop\Unibexidade\3ano2sem\ATS-Project\TP2\target\test-classes;C:\Users\jeswi\OneDrive\Desktop\Unibexidade\3ano2sem\ATS-Project\TP2\target\classes;C:\Users\jeswi\.m2\repository\org\junit\jupiter\junit-jupiter-api\5.10.2\junit-jupiter-api-5.10.2.jar;C:\Users\jeswi\.m2\repository\org\opentest4j\opentest4j\1.3.0\opentest4j-1.3.0.jar;C:\Users\jeswi\.m2\repository\org\junit\platform\junit-platform-commons\1.10.2\junit-platform-commons-1.10.2.jar;C:\Users\jeswi\.m2\repository\org\apiguardian\apiguardian-api\1.1.2\apiguardian-api-1.1.2.jar;C:\Users\jeswi\.m2\repository\junit\junit\4.13.2\junit-4.13.2.jar;C:\Users\jeswi\.m2\repository\org\hamcrest\hamcrest-core\1.3\hamcrest-core-1.3.jar;C:\Users\jeswi\.m2\repository\org\evosuite\evosuite-standalone-runtime\1.0.6\evosuite-standalone-runtime-1.0.6.jar;C:\Users\jeswi\.m2\repository\org\evosuite\evosuite-master\1.0.6\evosuite-master-1.0.6.jar;C:\Users\jeswi\.m2\repository\org\evosuite\evosuite-client\1.0.6\evosuite-client-1.0.6-tests.jar;C:\Users\jeswi\.m2\repository\org\evosuite\evosuite-runtime\1.0.6\evosuite-runtime-1.0.6.jar;C:\Users\jeswi\.m2\repository\javax\ejb\javax.ejb-api\3.2\javax.ejb-api-3.2.jar;C:\Users\jeswi\.m2\repository\javax\transaction\javax.transaction-api\1.2\javax.transaction-api-1.2.jar;C:\Users\jeswi\.m2\repository\javax\faces\javax.faces-api\2.2\javax.faces-api-2.2.jar;C:\Users\jeswi\.m2\repository\javax\ws\rs\jsr311-api\1.1.1\jsr311-api-1.1.1.jar;C:\Users\jeswi\.m2\repository\org\hsqldb\hsqldb\2.4.0\hsqldb-2.4.0.jar;C:\Users\jeswi\.m2\repository\org\springframework\spring-orm\4.3.14.RELEASE\spring-orm-4.3.14.RELEASE.jar;C:\Users\jeswi\.m2\repository\org\springframework\spring-beans\4.3.14.RELEASE\spring-beans-4.3.14.RELEASE.jar;C:\Users\jeswi\.m2\repository\org\springframework\spring-core\4.3.14.RELEASE\spring-core-4.3.14.RELEASE.jar;C:\Users\jeswi\.m2\repository\org\springframework\spring-jdbc\4.3.14.RELEASE\spring-jdbc-4.3.14.RELEASE.jar;C:\Users\jeswi\.m2\repository\org\springframework\spring-tx\4.3.14.RELEASE\spring-tx-4.3.14.RELEASE.jar;C:\Users\jeswi\.m2\repository\org\springframework\spring-context\4.3.14.RELEASE\spring-context-4.3.14.RELEASE.jar;C:\Users\jeswi\.m2\repository\org\springframework\spring-aop\4.3.14.RELEASE\spring-aop-4.3.14.RELEASE.jar;C:\Users\jeswi\.m2\repository\org\springframework\spring-expression\4.3.14.RELEASE\spring-expression-4.3.14.RELEASE.jar;C:\Users\jeswi\.m2\repository\junit\junit\4.12\junit-4.12.jar;C:\Users\jeswi\.m2\repository\org\hamcrest\hamcrest-core\1.3\hamcrest-core-1.3.jar;C:\Users\jeswi\.m2\repository\org\mockito\mockito-core\2.16.0\mockito-core-2.16.0.jar;C:\Users\jeswi\.m2\repository\net\bytebuddy\byte-buddy\1.7.9\byte-buddy-1.7.9.jar;C:\Users\jeswi\.m2\repository\net\bytebuddy\byte-buddy-agent\1.7.9\byte-buddy-agent-1.7.9.jar;C:\Users\jeswi\.m2\repository\org\objenesis\objenesis\2.6\objenesis-2.6.jar;C:\Users\jeswi\.m2\repository\org\slf4j\slf4j-api\1.7.22\slf4j-api-1.7.22.jar;C:\Users\jeswi\.m2\repository\org\ow2\asm\asm\6.0\asm-6.0.jar;C:\Users\jeswi\.m2\repository\org\ow2\asm\asm-commons\6.0\asm-commons-6.0.jar;C:\Users\jeswi\.m2\repository\org\ow2\asm\asm-tree\6.0\asm-tree-6.0.jar;C:\Users\jeswi\.m2\repository\org\ow2\asm\asm-analysis\6.0\asm-analysis-6.0.jar;C:\Users\jeswi\.m2\repository\org\ow2\asm\asm-util\6.0\asm-util-6.0.jar;C:\Users\jeswi\.m2\repository\javax\xml\bind\jaxb-api\2.3.0\jaxb-api-2.3.0.jar;C:\Users\jeswi\.m2\repository\com\opencsv\opencsv\4.1\opencsv-4.1.jar;C:\Users\jeswi\.m2\repository\org\apache\commons\commons-text\1.1\commons-text-1.1.jar;C:\Users\jeswi\.m2\repository\commons-beanutils\commons-beanutils\1.9.3\commons-beanutils-1.9.3.jar;C:\Users\jeswi\.m2\repository\commons-logging\commons-logging\1.2\commons-logging-1.2.jar;C:\Users\jeswi\.m2\repository\commons-collections\commons-collections\3.2.2\commons-collections-3.2.2.jar;C:\Users\jeswi\.m2\repository\dk\brics\automaton\automaton\1.11-8\automaton-1.11-8.jar;C:\Users\jeswi\.m2\repository\ch\qos\logback\logback-classic\1.1.3\logback-classic-1.1.3.jar;C:\Users\jeswi\.m2\repository\ch\qos\logback\logback-core\1.1.3\logback-core-1.1.3.jar;C:\Users\jeswi\.m2\repository\com\googlecode\gentyref\gentyref\1.2.0\gentyref-1.2.0.jar;C:\Users\jeswi\.m2\repository\net\sf\jgrapht\jgrapht\0.8.3\jgrapht-0.8.3.jar;C:\Users\jeswi\.m2\repository\com\thoughtworks\xstream\xstream\1.4.10\xstream-1.4.10.jar;C:\Users\jeswi\.m2\repository\xmlpull\xmlpull\1.1.3.1\xmlpull-1.1.3.1.jar;C:\Users\jeswi\.m2\repository\xpp3\xpp3_min\1.1.4c\xpp3_min-1.1.4c.jar;C:\Users\jeswi\.m2\repository\org\apache\commons\commons-lang3\3.7\commons-lang3-3.7.jar;C:\Users\jeswi\.m2\repository\commons-io\commons-io\2.6\commons-io-2.6.jar;C:\Users\jeswi\.m2\repository\commons-cli\commons-cli\1.4\commons-cli-1.4.jar;C:\Users\jeswi\.m2\repository\org\kohsuke\graphviz-api\1.1\graphviz-api-1.1.jar;C:\Users\jeswi\.m2\repository\oro\oro\2.0.8\oro-2.0.8.jar;C:\Users\jeswi\.m2\repository\org\apache\commons\commons-exec\1.3\commons-exec-1.3.jar;C:\Users\jeswi\.m2\repository\org\jboss\spec\javax\servlet\jboss-servlet-api_3.1_spec\1.0.2.Final\jboss-servlet-api_3.1_spec-1.0.2.Final.jar;C:\Users\jeswi\.m2\repository\javax\inject\javax.inject\1\javax.inject-1.jar;C:\Users\jeswi\.m2\repository\javax\enterprise\cdi-api\1.2\cdi-api-1.2.jar;C:\Users\jeswi\.m2\repository\javax\el\javax.el-api\3.0.0\javax.el-api-3.0.0.jar;C:\Users\jeswi\.m2\repository\javax\interceptor\javax.interceptor-api\1.2\javax.interceptor-api-1.2.jar;C:\Users\jeswi\.m2\repository\org\hibernate\hibernate-core\5.2.13.Final\hibernate-core-5.2.13.Final.jar;C:\Users\jeswi\.m2\repository\org\jboss\logging\jboss-logging\3.3.1.Final\jboss-logging-3.3.1.Final.jar;C:\Users\jeswi\.m2\repository\org\hibernate\javax\persistence\hibernate-jpa-2.1-api\1.0.0.Final\hibernate-jpa-2.1-api-1.0.0.Final.jar;C:\Users\jeswi\.m2\repository\org\javassist\javassist\3.22.0-GA\javassist-3.22.0-GA.jar;C:\Users\jeswi\.m2\repository\antlr\antlr\2.7.7\antlr-2.7.7.jar;C:\Users\jeswi\.m2\repository\org\jboss\spec\javax\transaction\jboss-transaction-api_1.2_spec\1.0.1.Final\jboss-transaction-api_1.2_spec-1.0.1.Final.jar;C:\Users\jeswi\.m2\repository\org\jboss\jandex\2.0.3.Final\jandex-2.0.3.Final.jar;C:\Users\jeswi\.m2\repository\com\fasterxml\classmate\1.3.0\classmate-1.3.0.jar;C:\Users\jeswi\.m2\repository\dom4j\dom4j\1.6.1\dom4j-1.6.1.jar;C:\Users\jeswi\.m2\repository\org\hibernate\common\hibernate-commons-annotations\5.0.1.Final\hibernate-commons-annotations-5.0.1.Final.jar;C:\Users\jeswi\.m2\repository\com\google\code\findbugs\jsr305\2.0.1\jsr305-2.0.1.jar;C:\Users\jeswi\OneDrive\Desktop\Unibexidade\3ano2sem\ATS-Project\TP2\target\test-classes;C:\Users\jeswi\OneDrive\Desktop\Unibexidade\3ano2sem\ATS-Project\TP2\target\classes;C:\Users\jeswi\.m2\repository\org\junit\jupiter\junit-jupiter-api\5.10.2\junit-jupiter-api-5.10.2.jar;C:\Users\jeswi\.m2\repository\org\opentest4j\opentest4j\1.3.0\opentest4j-1.3.0.jar;C:\Users\jeswi\.m2\repository\org\junit\platform\junit-platform-commons\1.10.2\junit-platform-commons-1.10.2.jar;C:\Users\jeswi\.m2\repository\org\apiguardian\apiguardian-api\1.1.2\apiguardian-api-1.1.2.jar;C:\Users\jeswi\.m2\repository\junit\junit\4.13.2\junit-4.13.2.jar;C:\Users\jeswi\.m2\repository\org\hamcrest\hamcrest-core\1.3\hamcrest-core-1.3.jar;C:\Users\jeswi\.m2\repository\org\evosuite\evosuite-standalone-runtime\1.0.6\evosuite-standalone-runtime-1.0.6.jar
[MASTER] 11:25:14.735 [pool-2-thread-1] ERROR JUnitAnalyzer - evosuiteCP: C:\Users\jeswi\OneDrive\Desktop\Unibexidade\3ano2sem\ATS-Project\TP2\target\test-classes;C:\Users\jeswi\OneDrive\Desktop\Unibexidade\3ano2sem\ATS-Project\TP2\target\classes;C:\Users\jeswi\.m2\repository\org\junit\jupiter\junit-jupiter-api\5.10.2\junit-jupiter-api-5.10.2.jar;C:\Users\jeswi\.m2\repository\org\opentest4j\opentest4j\1.3.0\opentest4j-1.3.0.jar;C:\Users\jeswi\.m2\repository\org\junit\platform\junit-platform-commons\1.10.2\junit-platform-commons-1.10.2.jar;C:\Users\jeswi\.m2\repository\org\apiguardian\apiguardian-api\1.1.2\apiguardian-api-1.1.2.jar;C:\Users\jeswi\.m2\repository\junit\junit\4.13.2\junit-4.13.2.jar;C:\Users\jeswi\.m2\repository\org\hamcrest\hamcrest-core\1.3\hamcrest-core-1.3.jar;C:\Users\jeswi\.m2\repository\org\evosuite\evosuite-standalone-runtime\1.0.6\evosuite-standalone-runtime-1.0.6.jar;C:\Users\jeswi\.m2\repository\org\evosuite\evosuite-master\1.0.6\evosuite-master-1.0.6.jar;C:\Users\jeswi\.m2\repository\org\evosuite\evosuite-client\1.0.6\evosuite-client-1.0.6-tests.jar;C:\Users\jeswi\.m2\repository\org\evosuite\evosuite-runtime\1.0.6\evosuite-runtime-1.0.6.jar;C:\Users\jeswi\.m2\repository\javax\ejb\javax.ejb-api\3.2\javax.ejb-api-3.2.jar;C:\Users\jeswi\.m2\repository\javax\transaction\javax.transaction-api\1.2\javax.transaction-api-1.2.jar;C:\Users\jeswi\.m2\repository\javax\faces\javax.faces-api\2.2\javax.faces-api-2.2.jar;C:\Users\jeswi\.m2\repository\javax\ws\rs\jsr311-api\1.1.1\jsr311-api-1.1.1.jar;C:\Users\jeswi\.m2\repository\org\hsqldb\hsqldb\2.4.0\hsqldb-2.4.0.jar;C:\Users\jeswi\.m2\repository\org\springframework\spring-orm\4.3.14.RELEASE\spring-orm-4.3.14.RELEASE.jar;C:\Users\jeswi\.m2\repository\org\springframework\spring-beans\4.3.14.RELEASE\spring-beans-4.3.14.RELEASE.jar;C:\Users\jeswi\.m2\repository\org\springframework\spring-core\4.3.14.RELEASE\spring-core-4.3.14.RELEASE.jar;C:\Users\jeswi\.m2\repository\org\springframework\spring-jdbc\4.3.14.RELEASE\spring-jdbc-4.3.14.RELEASE.jar;C:\Users\jeswi\.m2\repository\org\springframework\spring-tx\4.3.14.RELEASE\spring-tx-4.3.14.RELEASE.jar;C:\Users\jeswi\.m2\repository\org\springframework\spring-context\4.3.14.RELEASE\spring-context-4.3.14.RELEASE.jar;C:\Users\jeswi\.m2\repository\org\springframework\spring-aop\4.3.14.RELEASE\spring-aop-4.3.14.RELEASE.jar;C:\Users\jeswi\.m2\repository\org\springframework\spring-expression\4.3.14.RELEASE\spring-expression-4.3.14.RELEASE.jar;C:\Users\jeswi\.m2\repository\junit\junit\4.12\junit-4.12.jar;C:\Users\jeswi\.m2\repository\org\hamcrest\hamcrest-core\1.3\hamcrest-core-1.3.jar;C:\Users\jeswi\.m2\repository\org\mockito\mockito-core\2.16.0\mockito-core-2.16.0.jar;C:\Users\jeswi\.m2\repository\net\bytebuddy\byte-buddy\1.7.9\byte-buddy-1.7.9.jar;C:\Users\jeswi\.m2\repository\net\bytebuddy\byte-buddy-agent\1.7.9\byte-buddy-agent-1.7.9.jar;C:\Users\jeswi\.m2\repository\org\objenesis\objenesis\2.6\objenesis-2.6.jar;C:\Users\jeswi\.m2\repository\org\slf4j\slf4j-api\1.7.22\slf4j-api-1.7.22.jar;C:\Users\jeswi\.m2\repository\org\ow2\asm\asm\6.0\asm-6.0.jar;C:\Users\jeswi\.m2\repository\org\ow2\asm\asm-commons\6.0\asm-commons-6.0.jar;C:\Users\jeswi\.m2\repository\org\ow2\asm\asm-tree\6.0\asm-tree-6.0.jar;C:\Users\jeswi\.m2\repository\org\ow2\asm\asm-analysis\6.0\asm-analysis-6.0.jar;C:\Users\jeswi\.m2\repository\org\ow2\asm\asm-util\6.0\asm-util-6.0.jar;C:\Users\jeswi\.m2\repository\javax\xml\bind\jaxb-api\2.3.0\jaxb-api-2.3.0.jar;C:\Users\jeswi\.m2\repository\com\opencsv\opencsv\4.1\opencsv-4.1.jar;C:\Users\jeswi\.m2\repository\org\apache\commons\commons-text\1.1\commons-text-1.1.jar;C:\Users\jeswi\.m2\repository\commons-beanutils\commons-beanutils\1.9.3\commons-beanutils-1.9.3.jar;C:\Users\jeswi\.m2\repository\commons-logging\commons-logging\1.2\commons-logging-1.2.jar;C:\Users\jeswi\.m2\repository\commons-collections\commons-collections\3.2.2\commons-collections-3.2.2.jar;C:\Users\jeswi\.m2\repository\dk\brics\automaton\automaton\1.11-8\automaton-1.11-8.jar;C:\Users\jeswi\.m2\repository\ch\qos\logback\logback-classic\1.1.3\logback-classic-1.1.3.jar;C:\Users\jeswi\.m2\repository\ch\qos\logback\logback-core\1.1.3\logback-core-1.1.3.jar;C:\Users\jeswi\.m2\repository\com\googlecode\gentyref\gentyref\1.2.0\gentyref-1.2.0.jar;C:\Users\jeswi\.m2\repository\net\sf\jgrapht\jgrapht\0.8.3\jgrapht-0.8.3.jar;C:\Users\jeswi\.m2\repository\com\thoughtworks\xstream\xstream\1.4.10\xstream-1.4.10.jar;C:\Users\jeswi\.m2\repository\xmlpull\xmlpull\1.1.3.1\xmlpull-1.1.3.1.jar;C:\Users\jeswi\.m2\repository\xpp3\xpp3_min\1.1.4c\xpp3_min-1.1.4c.jar;C:\Users\jeswi\.m2\repository\org\apache\commons\commons-lang3\3.7\commons-lang3-3.7.jar;C:\Users\jeswi\.m2\repository\commons-io\commons-io\2.6\commons-io-2.6.jar;C:\Users\jeswi\.m2\repository\commons-cli\commons-cli\1.4\commons-cli-1.4.jar;C:\Users\jeswi\.m2\repository\org\kohsuke\graphviz-api\1.1\graphviz-api-1.1.jar;C:\Users\jeswi\.m2\repository\oro\oro\2.0.8\oro-2.0.8.jar;C:\Users\jeswi\.m2\repository\org\apache\commons\commons-exec\1.3\commons-exec-1.3.jar;C:\Users\jeswi\.m2\repository\org\jboss\spec\javax\servlet\jboss-servlet-api_3.1_spec\1.0.2.Final\jboss-servlet-api_3.1_spec-1.0.2.Final.jar;C:\Users\jeswi\.m2\repository\javax\inject\javax.inject\1\javax.inject-1.jar;C:\Users\jeswi\.m2\repository\javax\enterprise\cdi-api\1.2\cdi-api-1.2.jar;C:\Users\jeswi\.m2\repository\javax\el\javax.el-api\3.0.0\javax.el-api-3.0.0.jar;C:\Users\jeswi\.m2\repository\javax\interceptor\javax.interceptor-api\1.2\javax.interceptor-api-1.2.jar;C:\Users\jeswi\.m2\repository\org\hibernate\hibernate-core\5.2.13.Final\hibernate-core-5.2.13.Final.jar;C:\Users\jeswi\.m2\repository\org\jboss\logging\jboss-logging\3.3.1.Final\jboss-logging-3.3.1.Final.jar;C:\Users\jeswi\.m2\repository\org\hibernate\javax\persistence\hibernate-jpa-2.1-api\1.0.0.Final\hibernate-jpa-2.1-api-1.0.0.Final.jar;C:\Users\jeswi\.m2\repository\org\javassist\javassist\3.22.0-GA\javassist-3.22.0-GA.jar;C:\Users\jeswi\.m2\repository\antlr\antlr\2.7.7\antlr-2.7.7.jar;C:\Users\jeswi\.m2\repository\org\jboss\spec\javax\transaction\jboss-transaction-api_1.2_spec\1.0.1.Final\jboss-transaction-api_1.2_spec-1.0.1.Final.jar;C:\Users\jeswi\.m2\repository\org\jboss\jandex\2.0.3.Final\jandex-2.0.3.Final.jar;C:\Users\jeswi\.m2\repository\com\fasterxml\classmate\1.3.0\classmate-1.3.0.jar;C:\Users\jeswi\.m2\repository\dom4j\dom4j\1.6.1\dom4j-1.6.1.jar;C:\Users\jeswi\.m2\repository\org\hibernate\common\hibernate-commons-annotations\5.0.1.Final\hibernate-commons-annotations-5.0.1.Final.jar;C:\Users\jeswi\.m2\repository\com\google\code\findbugs\jsr305\2.0.1\jsr305-2.0.1.jar;C:\Users\jeswi\OneDrive\Desktop\Unibexidade\3ano2sem\ATS-Project\TP2\target\test-classes;C:\Users\jeswi\OneDrive\Desktop\Unibexidade\3ano2sem\ATS-Project\TP2\target\classes;C:\Users\jeswi\.m2\repository\org\junit\jupiter\junit-jupiter-api\5.10.2\junit-jupiter-api-5.10.2.jar;C:\Users\jeswi\.m2\repository\org\opentest4j\opentest4j\1.3.0\opentest4j-1.3.0.jar;C:\Users\jeswi\.m2\repository\org\junit\platform\junit-platform-commons\1.10.2\junit-platform-commons-1.10.2.jar;C:\Users\jeswi\.m2\repository\org\apiguardian\apiguardian-api\1.1.2\apiguardian-api-1.1.2.jar;C:\Users\jeswi\.m2\repository\junit\junit\4.13.2\junit-4.13.2.jar;C:\Users\jeswi\.m2\repository\org\hamcrest\hamcrest-core\1.3\hamcrest-core-1.3.jar;C:\Users\jeswi\.m2\repository\org\evosuite\evosuite-standalone-runtime\1.0.6\evosuite-standalone-runtime-1.0.6.jar
[MASTER] 11:25:14.735 [pool-2-thread-1] ERROR JUnitAnalyzer - Diagnostic: unmappable character for encoding UTF-8: 21
[MASTER] 11:25:14.736 [pool-2-thread-1] ERROR JUnitAnalyzer - Diagnostic: illegal character: '\ufffd': 21
[MASTER] 11:25:14.737 [pool-2-thread-1] ERROR JUnitAnalyzer - RegularFileObject[C:\Users\jeswi\AppData\Local\Temp\EvoSuite_53_1714645514601\Gestor_Artigos_53_tmp__ESTest.java]
1: /*
2:  * This file was automatically generated by EvoSuite
3:  * Thu May 02 10:25:14 GMT 2024
4:  */
5: 
6: 
7: import org.junit.Test;
8: import static org.junit.Assert.*;
9: import org.evosuite.runtime.EvoRunner;
10: import org.evosuite.runtime.EvoRunnerParameters;
11: import org.junit.runner.RunWith;
12: 
13: @RunWith(EvoRunner.class) @EvoRunnerParameters(mockJVMNonDeterminism = true, useVFS = true, useVNET = true, resetStaticState = true, useJEE = true) 
14: public class Gestor_Artigos_53_tmp__ESTest extends Gestor_Artigos_53_tmp__ESTest_scaffolding {
15: 
16:   @Test(timeout = 4000)
17:   public void test0()  throws Throwable  {
18:       Gestor_Artigos gestor_Artigos0 = new Gestor_Artigos();
19:       Boolean boolean0 = Boolean.valueOf("=XK-nv!i");
20:       gestor_Artigos0.criar_artigo_mala("", "fg6?jXnmo\"$,c!p+dl", 0.0, true, (-671), (-671), (-671), 2470L, (-1541), "=XK-nv!i", (-1789569701), boolean0, 324.7718F);
21:       String string0 = gestor_Artigos0.pesquisar_artigos_dimensão_mala((-1789569701));
22:       assertEquals("", string0);
23:   }
24: }
RegularFileObject[C:\Users\jeswi\AppData\Local\Temp\EvoSuite_53_1714645514601\Gestor_Artigos_53_tmp__ESTest.java]
1: /**
2:  * Scaffolding file used to store all the setups needed to run 
3:  * tests automatically generated by EvoSuite
4:  * Thu May 02 10:25:14 GMT 2024
5:  */
6: 
7: 
8: import org.evosuite.runtime.annotation.EvoSuiteClassExclude;
9: import org.junit.BeforeClass;
10: import org.junit.Before;
11: import org.junit.After;
12: import org.junit.AfterClass;
13: import org.evosuite.runtime.sandbox.Sandbox;
14: import org.evosuite.runtime.sandbox.Sandbox.SandboxMode;
15: 
16: @EvoSuiteClassExclude
17: public class Gestor_Artigos_53_tmp__ESTest_scaffolding {
18: 
19:   @org.junit.Rule 
20:   public org.evosuite.runtime.vnet.NonFunctionalRequirementRule nfr = new org.evosuite.runtime.vnet.NonFunctionalRequirementRule();
21: 
22:   private static final java.util.Properties defaultProperties = (java.util.Properties) java.lang.System.getProperties().clone(); 
23: 
24:   private org.evosuite.runtime.thread.ThreadStopper threadStopper =  new org.evosuite.runtime.thread.ThreadStopper (org.evosuite.runtime.thread.KillSwitchHandler.getInstance(), 3000);
25: 
26: 
27:   @BeforeClass 
28:   public static void initEvoSuiteFramework() { 
29:     org.evosuite.runtime.RuntimeSettings.className = "Gestor_Artigos"; 
30:     org.evosuite.runtime.GuiSupport.initialize(); 
31:     org.evosuite.runtime.RuntimeSettings.maxNumberOfThreads = 100; 
32:     org.evosuite.runtime.RuntimeSettings.maxNumberOfIterationsPerLoop = 10000; 
33:     org.evosuite.runtime.RuntimeSettings.mockSystemIn = true; 
34:     org.evosuite.runtime.RuntimeSettings.sandboxMode = org.evosuite.runtime.sandbox.Sandbox.SandboxMode.RECOMMENDED; 
35:     org.evosuite.runtime.sandbox.Sandbox.initializeSecurityManagerForSUT(); 
36:     org.evosuite.runtime.classhandling.JDKClassResetter.init();
37:     setSystemProperties();
38:     initializeClasses();
39:     org.evosuite.runtime.Runtime.getInstance().resetRuntime(); 
40:   } 
41: 
42:   @AfterClass 
43:   public static void clearEvoSuiteFramework(){ 
44:     Sandbox.resetDefaultSecurityManager(); 
45:     java.lang.System.setProperties((java.util.Properties) defaultProperties.clone()); 
46:   } 
47: 
48:   @Before 
49:   public void initTestCase(){ 
50:     threadStopper.storeCurrentThreads();
51:     threadStopper.startRecordingTime();
52:     org.evosuite.runtime.jvm.ShutdownHookHandler.getInstance().initHandler(); 
53:     org.evosuite.runtime.sandbox.Sandbox.goingToExecuteSUTCode(); 
54:     setSystemProperties(); 
55:     org.evosuite.runtime.GuiSupport.setHeadless(); 
56:     org.evosuite.runtime.Runtime.getInstance().resetRuntime(); 
57:     org.evosuite.runtime.agent.InstrumentingAgent.activate(); 
58:   } 
59: 
60:   @After 
61:   public void doneWithTestCase(){ 
62:     threadStopper.killAndJoinClientThreads();
63:     org.evosuite.runtime.jvm.ShutdownHookHandler.getInstance().safeExecuteAddedHooks(); 
64:     org.evosuite.runtime.classhandling.JDKClassResetter.reset(); 
65:     resetClasses(); 
66:     org.evosuite.runtime.sandbox.Sandbox.doneWithExecutingSUTCode(); 
67:     org.evosuite.runtime.agent.InstrumentingAgent.deactivate(); 
68:     org.evosuite.runtime.GuiSupport.restoreHeadlessMode(); 
69:   } 
70: 
71:   public static void setSystemProperties() {
72:  
73:     java.lang.System.setProperties((java.util.Properties) defaultProperties.clone()); 
74:     java.lang.System.setProperty("file.encoding", "Cp1252"); 
75:     java.lang.System.setProperty("java.awt.fonts", ""); 
76:     java.lang.System.setProperty("java.awt.headless", "true"); 
77:     java.lang.System.setProperty("java.io.tmpdir", "C:\\Users\\jeswi\\AppData\\Local\\Temp\\"); 
78:     java.lang.System.setProperty("user.country", "PT"); 
79:     java.lang.System.setProperty("user.dir", "C:\\Users\\jeswi\\OneDrive\\Desktop\\Unibexidade\\3ano2sem\\ATS-Project\\TP2"); 
80:     java.lang.System.setProperty("user.home", "C:\\Users\\jeswi"); 
81:     java.lang.System.setProperty("user.language", "pt"); 
82:     java.lang.System.setProperty("user.name", "jeswi"); 
83:     java.lang.System.setProperty("user.timezone", "Europe/London"); 
84:   }
85: 
86:   private static void initializeClasses() {
87:     org.evosuite.runtime.classhandling.ClassStateSupport.initializeClasses(Gestor_Artigos_53_tmp__ESTest_scaffolding.class.getClassLoader() ,
88:       "Dimensao",
89:       "Padrao",
90:       "Sapatilha",
91:       "Artigo",
92:       "Tamanho",
93:       "Encomenda",
94:       "ArtigoExistenteException",
95:       "Gestor_Artigos",
96:       "Mala",
97:       "Tshirt",
98:       "ArtigoNaoEncontradoException",
99:       "Estado"
100:     );
101:   } 
102: 
103:   private static void resetClasses() {
104:     org.evosuite.runtime.classhandling.ClassResetter.getInstance().setClassLoader(Gestor_Artigos_53_tmp__ESTest_scaffolding.class.getClassLoader()); 
105: 
106:     org.evosuite.runtime.classhandling.ClassStateSupport.resetClasses(
107:       "Gestor_Artigos",
108:       "Artigo",
109:       "Mala",
110:       "Sapatilha",
111:       "Tshirt",
112:       "Encomenda",
113:       "Estado",
114:       "ArtigoNaoEncontradoException",
115:       "Dimensao"
116:     );
117:   }
118: }

[MASTER] 11:25:14.737 [pool-2-thread-1] ERROR JUnitAnalyzer - Failed to compile test case:
Gestor_Artigos gestor_Artigos0 = new Gestor_Artigos();
Boolean boolean0 = Boolean.valueOf("=XK-nv!i");
gestor_Artigos0.criar_artigo_mala("", "fg6?jXnmo\"$,c!p+dl", 0.0, true, (-671), (-671), (-671), 2470L, (-1541), "=XK-nv!i", (-1789569701), boolean0, 324.7718F);
String string0 = gestor_Artigos0.pesquisar_artigos_dimensão_mala((-1789569701));
assertEquals("", string0);


