* Starting client
* Connecting to master process on port 7289
* Analyzing classpath: 
  - C:\Users\jeswi\OneDrive\Desktop\Unibexidade\3ano2sem\ATS-Project\TP2\target\test-classes
  - C:\Users\jeswi\OneDrive\Desktop\Unibexidade\3ano2sem\ATS-Project\TP2\target\classes
  - C:\Users\jeswi\.m2\repository\org\junit\jupiter\junit-jupiter-api\5.10.2\junit-jupiter-api-5.10.2.jar
  - C:\Users\jeswi\.m2\repository\org\opentest4j\opentest4j\1.3.0\opentest4j-1.3.0.jar
  - C:\Users\jeswi\.m2\repository\org\junit\platform\junit-platform-commons\1.10.2\junit-platform-commons-1.10.2.jar
  - C:\Users\jeswi\.m2\repository\org\apiguardian\apiguardian-api\1.1.2\apiguardian-api-1.1.2.jar
  - C:\Users\jeswi\.m2\repository\junit\junit\4.13.2\junit-4.13.2.jar
  - C:\Users\jeswi\.m2\repository\org\hamcrest\hamcrest-core\1.3\hamcrest-core-1.3.jar
* Finished analyzing classpath
* Generating tests for class Main
* Test criteria:
  - Line Coverage
  - Branch Coverage
  - Exception
  - Mutation testing (weak)
  - Method-Output Coverage
  - Top-Level Method Coverage
  - No-Exception Top-Level Method Coverage
  - Context Branch Coverage
* Setting up search algorithm for whole suite generation
[MASTER] 11:54:50.196 [pool-2-thread-1] WARN  TestSuiteSerialization - Cannot load tests because file does not exist: C:\Users\jeswi\OneDrive\Desktop\Unibexidade\3ano2sem\ATS-Project\TP2\.evosuite\evosuite-seeds\Main.seed
* Loaded 0 tests from C:\Users\jeswi\OneDrive\Desktop\Unibexidade\3ano2sem\ATS-Project\TP2\.evosuite\evosuite-seeds\Main.seed
* Total number of test goals: 
  - Line 6
  - Branch 2
  - Exception 0
  - MutationFactory 0
  - Output 0
  - Method 2
  - MethodNoException 2
  - CBranchFitnessFactory 2
* Using seed 1714647285855
* Starting evolution
* Search finished after 31s and 274 generations, 55269 statements, best individual has fitness: 2.0
* Writing sequences to pool
* Minimizing test suite
* Going to analyze the coverage criteria
* Coverage analysis for criterion LINE
* Coverage of criterion LINE: 83%
* Total number of goals: 6
* Number of covered goals: 5
* Coverage analysis for criterion BRANCH
* Coverage of criterion BRANCH: 100%
* Total number of goals: 2
* Number of covered goals: 2
* Coverage analysis for criterion EXCEPTION
* Coverage of criterion EXCEPTION: 100%
* Total number of goals: 1
* Number of covered goals: 1
* Coverage analysis for criterion WEAKMUTATION
* Coverage of criterion WEAKMUTATION: 100% (no goals)
* Coverage analysis for criterion OUTPUT
* Coverage of criterion OUTPUT: 100% (no goals)
* Coverage analysis for criterion METHOD
* Coverage of criterion METHOD: 100%
* Total number of goals: 2
* Number of covered goals: 2
* Coverage analysis for criterion METHODNOEXCEPTION
* Coverage of criterion METHODNOEXCEPTION: 50%
* Total number of goals: 2
* Number of covered goals: 1
* Coverage analysis for criterion CBRANCH
* Coverage of criterion CBRANCH: 100%
* Total number of goals: 2
* Number of covered goals: 2
* Generated 2 tests with total length 3
* Resulting test suite's coverage: 92% (average coverage for all fitness functions)
* Generating assertions
* Resulting test suite's mutation score: 100%
* Compiling and checking tests
* Writing JUnit test case 'Main_ESTest' to C:\Users\jeswi\OneDrive\Desktop\Unibexidade\3ano2sem\ATS-Project\TP2\.evosuite\tmp_2024_05_02_11_16_05\tests
* Done!

