* Starting client
* Connecting to master process on port 11271
* Analyzing classpath: 
  - C:\Users\jeswi\OneDrive\Desktop\Unibexidade\3ano2sem\ATS-Project\TP2\target\test-classes
  - C:\Users\jeswi\OneDrive\Desktop\Unibexidade\3ano2sem\ATS-Project\TP2\target\classes
  - C:\Users\jeswi\.m2\repository\org\junit\jupiter\junit-jupiter-api\5.10.2\junit-jupiter-api-5.10.2.jar
  - C:\Users\jeswi\.m2\repository\org\opentest4j\opentest4j\1.3.0\opentest4j-1.3.0.jar
  - C:\Users\jeswi\.m2\repository\org\junit\platform\junit-platform-commons\1.10.2\junit-platform-commons-1.10.2.jar
  - C:\Users\jeswi\.m2\repository\org\apiguardian\apiguardian-api\1.1.2\apiguardian-api-1.1.2.jar
  - C:\Users\jeswi\.m2\repository\junit\junit\4.13.2\junit-4.13.2.jar
  - C:\Users\jeswi\.m2\repository\org\hamcrest\hamcrest-core\1.3\hamcrest-core-1.3.jar
* Finished analyzing classpath
* Generating tests for class Gestor_Utilizadores
* Test criteria:
  - Line Coverage
  - Branch Coverage
  - Exception
  - Mutation testing (weak)
  - Method-Output Coverage
  - Top-Level Method Coverage
  - No-Exception Top-Level Method Coverage
  - Context Branch Coverage
* Setting up search algorithm for whole suite generation
[MASTER] 11:44:14.356 [pool-2-thread-1] WARN  TestSuiteSerialization - Cannot load tests because file does not exist: C:\Users\jeswi\OneDrive\Desktop\Unibexidade\3ano2sem\ATS-Project\TP2\.evosuite\evosuite-seeds\Gestor_Utilizadores.seed
* Loaded 0 tests from C:\Users\jeswi\OneDrive\Desktop\Unibexidade\3ano2sem\ATS-Project\TP2\.evosuite\evosuite-seeds\Gestor_Utilizadores.seed
* Total number of test goals: 
  - Line 112
  - Branch 71
  - Exception 0
  - MutationFactory 172
  - Output 158
  - Method 46
  - MethodNoException 46
  - CBranchFitnessFactory 71
* Using seed 1714646649332
* Starting evolution
* Search finished after 58s and 60 generations, 22460 statements, best individual has fitness: 211.13549476896253
* Writing sequences to pool
* Minimizing test suite
* Going to analyze the coverage criteria
* Coverage analysis for criterion LINE
* Coverage of criterion LINE: 87%
* Total number of goals: 112
* Number of covered goals: 97
* Coverage analysis for criterion BRANCH
* Coverage of criterion BRANCH: 85%
* Total number of goals: 71
* Number of covered goals: 60
* Coverage analysis for criterion EXCEPTION
* Coverage of criterion EXCEPTION: 100%
* Total number of goals: 36
* Number of covered goals: 36
* Coverage analysis for criterion WEAKMUTATION
* Coverage of criterion WEAKMUTATION: 82%
* Total number of goals: 172
* Number of covered goals: 141
* Coverage analysis for criterion OUTPUT
* Coverage of criterion OUTPUT: 22%
* Total number of goals: 158
* Number of covered goals: 35
* Coverage analysis for criterion METHOD
* Coverage of criterion METHOD: 100%
* Total number of goals: 46
* Number of covered goals: 46
* Coverage analysis for criterion METHODNOEXCEPTION
* Coverage of criterion METHODNOEXCEPTION: 63%
* Total number of goals: 46
* Number of covered goals: 29
* Coverage analysis for criterion CBRANCH
* Coverage of criterion CBRANCH: 85%
* Total number of goals: 71
* Number of covered goals: 60
* Generated 68 tests with total length 288
* Resulting test suite's coverage: 78% (average coverage for all fitness functions)
* Generating assertions
* Resulting test suite's mutation score: 22%
* Compiling and checking tests
* Writing JUnit test case 'Gestor_Utilizadores_ESTest' to C:\Users\jeswi\OneDrive\Desktop\Unibexidade\3ano2sem\ATS-Project\TP2\.evosuite\tmp_2024_05_02_11_16_05\tests
* Done!

